<?xml version="1.0" encoding="UTF-8" standalone="yes"?><!DOCTYPE report PUBLIC
    "-//JACOCO//DTD Report 1.1//EN" "report.dtd">
<report name="catanserver">
    <sessioninfo id="DESKTOP-QS2OAVP-88a47f56" start="1587735464152" dump="1587735465809" />
    <package name="com/example/catanserver/businessLogic/model/gameboard">
        <class name="com/example/catanserver/businessLogic/model/gameboard/Gameboard"
            sourcefilename="Gameboard.java">
            <method name="&lt;init&gt;" desc="()V" line="5">
                <counter type="INSTRUCTION" missed="38" covered="0" />
                <counter type="BRANCH" missed="2" covered="0" />
                <counter type="LINE" missed="10" covered="0" />
                <counter type="COMPLEXITY" missed="2" covered="0" />
                <counter type="METHOD" missed="1" covered="0" />
            </method>
            <method name="initKnots" desc="()V" line="19">
                <counter type="INSTRUCTION" missed="171" covered="0" />
                <counter type="BRANCH" missed="38" covered="0" />
                <counter type="LINE" missed="40" covered="0" />
                <counter type="COMPLEXITY" missed="20" covered="0" />
                <counter type="METHOD" missed="1" covered="0" />
            </method>
            <method name="initTileKnots" desc="()V" line="69">
                <counter type="INSTRUCTION" missed="778" covered="0" />
                <counter type="BRANCH" missed="76" covered="0" />
                <counter type="LINE" missed="115" covered="0" />
                <counter type="COMPLEXITY" missed="39" covered="0" />
                <counter type="METHOD" missed="1" covered="0" />
            </method>
            <method name="initEdges" desc="()V" line="245">
                <counter type="INSTRUCTION" missed="305" covered="0" />
                <counter type="BRANCH" missed="22" covered="0" />
                <counter type="LINE" missed="33" covered="0" />
                <counter type="COMPLEXITY" missed="12" covered="0" />
                <counter type="METHOD" missed="1" covered="0" />
            </method>
            <method name="getTiles"
                desc="()[Lcom/example/catanserver/businessLogic/model/gameboard/Tile;" line="293">
                <counter type="INSTRUCTION" missed="3" covered="0" />
                <counter type="LINE" missed="1" covered="0" />
                <counter type="COMPLEXITY" missed="1" covered="0" />
                <counter type="METHOD" missed="1" covered="0" />
            </method>
            <method name="getKnots"
                desc="()[Lcom/example/catanserver/businessLogic/model/gameboard/Knot;" line="297">
                <counter type="INSTRUCTION" missed="3" covered="0" />
                <counter type="LINE" missed="1" covered="0" />
                <counter type="COMPLEXITY" missed="1" covered="0" />
                <counter type="METHOD" missed="1" covered="0" />
            </method>
            <method name="getEdges"
                desc="()[Lcom/example/catanserver/businessLogic/model/gameboard/Edge;" line="301">
                <counter type="INSTRUCTION" missed="3" covered="0" />
                <counter type="LINE" missed="1" covered="0" />
                <counter type="COMPLEXITY" missed="1" covered="0" />
                <counter type="METHOD" missed="1" covered="0" />
            </method>
            <counter type="INSTRUCTION" missed="1301" covered="0" />
            <counter type="BRANCH" missed="138" covered="0" />
            <counter type="LINE" missed="201" covered="0" />
            <counter type="COMPLEXITY" missed="76" covered="0" />
            <counter type="METHOD" missed="7" covered="0" />
            <counter type="CLASS" missed="1" covered="0" />
        </class>
        <class name="com/example/catanserver/businessLogic/model/gameboard/Tile"
            sourcefilename="Tile.java">
            <method name="&lt;init&gt;" desc="(I)V" line="13">
                <counter type="INSTRUCTION" missed="17" covered="0" />
                <counter type="LINE" missed="7" covered="0" />
                <counter type="COMPLEXITY" missed="1" covered="0" />
                <counter type="METHOD" missed="1" covered="0" />
            </method>
            <method name="setResource" desc="()V" line="22">
                <counter type="INSTRUCTION" missed="29" covered="0" />
                <counter type="BRANCH" missed="7" covered="0" />
                <counter type="LINE" missed="14" covered="0" />
                <counter type="COMPLEXITY" missed="7" covered="0" />
                <counter type="METHOD" missed="1" covered="0" />
            </method>
            <method name="getId" desc="()I" line="60">
                <counter type="INSTRUCTION" missed="3" covered="0" />
                <counter type="LINE" missed="1" covered="0" />
                <counter type="COMPLEXITY" missed="1" covered="0" />
                <counter type="METHOD" missed="1" covered="0" />
            </method>
            <method name="getResource" desc="()Ljava/lang/String;" line="64">
                <counter type="INSTRUCTION" missed="3" covered="0" />
                <counter type="LINE" missed="1" covered="0" />
                <counter type="COMPLEXITY" missed="1" covered="0" />
                <counter type="METHOD" missed="1" covered="0" />
            </method>
            <method name="isThief" desc="()Z" line="68">
                <counter type="INSTRUCTION" missed="3" covered="0" />
                <counter type="LINE" missed="1" covered="0" />
                <counter type="COMPLEXITY" missed="1" covered="0" />
                <counter type="METHOD" missed="1" covered="0" />
            </method>
            <method name="setId" desc="(I)V" line="72">
                <counter type="INSTRUCTION" missed="4" covered="0" />
                <counter type="LINE" missed="2" covered="0" />
                <counter type="COMPLEXITY" missed="1" covered="0" />
                <counter type="METHOD" missed="1" covered="0" />
            </method>
            <method name="setThief" desc="(Z)V" line="76">
                <counter type="INSTRUCTION" missed="4" covered="0" />
                <counter type="LINE" missed="2" covered="0" />
                <counter type="COMPLEXITY" missed="1" covered="0" />
                <counter type="METHOD" missed="1" covered="0" />
            </method>
            <method name="setKnots"
                desc="([Lcom/example/catanserver/businessLogic/model/gameboard/Knot;)V" line="80">
                <counter type="INSTRUCTION" missed="4" covered="0" />
                <counter type="LINE" missed="2" covered="0" />
                <counter type="COMPLEXITY" missed="1" covered="0" />
                <counter type="METHOD" missed="1" covered="0" />
            </method>
            <method name="getKnots"
                desc="()[Lcom/example/catanserver/businessLogic/model/gameboard/Knot;" line="84">
                <counter type="INSTRUCTION" missed="3" covered="0" />
                <counter type="LINE" missed="1" covered="0" />
                <counter type="COMPLEXITY" missed="1" covered="0" />
                <counter type="METHOD" missed="1" covered="0" />
            </method>
            <method name="setDiceValue" desc="()V" line="88">
                <counter type="INSTRUCTION" missed="43" covered="0" />
                <counter type="BRANCH" missed="11" covered="0" />
                <counter type="LINE" missed="21" covered="0" />
                <counter type="COMPLEXITY" missed="11" covered="0" />
                <counter type="METHOD" missed="1" covered="0" />
            </method>
            <method name="getDiceValue" desc="()I" line="144">
                <counter type="INSTRUCTION" missed="3" covered="0" />
                <counter type="LINE" missed="1" covered="0" />
                <counter type="COMPLEXITY" missed="1" covered="0" />
                <counter type="METHOD" missed="1" covered="0" />
            </method>
            <counter type="INSTRUCTION" missed="116" covered="0" />
            <counter type="BRANCH" missed="18" covered="0" />
            <counter type="LINE" missed="53" covered="0" />
            <counter type="COMPLEXITY" missed="27" covered="0" />
            <counter type="METHOD" missed="11" covered="0" />
            <counter type="CLASS" missed="1" covered="0" />
        </class>
        <class name="com/example/catanserver/businessLogic/model/gameboard/Edge"
            sourcefilename="Edge.java">
            <method name="&lt;init&gt;"
                desc="(Lcom/example/catanserver/businessLogic/model/gameboard/Knot;Lcom/example/catanserver/businessLogic/model/gameboard/Knot;)V"
                line="12">
                <counter type="INSTRUCTION" missed="46" covered="0" />
                <counter type="LINE" missed="7" covered="0" />
                <counter type="COMPLEXITY" missed="1" covered="0" />
                <counter type="METHOD" missed="1" covered="0" />
            </method>
            <method name="getOne"
                desc="()Lcom/example/catanserver/businessLogic/model/gameboard/Knot;" line="21">
                <counter type="INSTRUCTION" missed="3" covered="0" />
                <counter type="LINE" missed="1" covered="0" />
                <counter type="COMPLEXITY" missed="1" covered="0" />
                <counter type="METHOD" missed="1" covered="0" />
            </method>
            <method name="getTwo"
                desc="()Lcom/example/catanserver/businessLogic/model/gameboard/Knot;" line="25">
                <counter type="INSTRUCTION" missed="3" covered="0" />
                <counter type="LINE" missed="1" covered="0" />
                <counter type="COMPLEXITY" missed="1" covered="0" />
                <counter type="METHOD" missed="1" covered="0" />
            </method>
            <method name="getId" desc="()Ljava/lang/String;" line="29">
                <counter type="INSTRUCTION" missed="3" covered="0" />
                <counter type="LINE" missed="1" covered="0" />
                <counter type="COMPLEXITY" missed="1" covered="0" />
                <counter type="METHOD" missed="1" covered="0" />
            </method>
            <method name="getUser" desc="()Lcom/example/catanserver/businessLogic/model/User;"
                line="33">
                <counter type="INSTRUCTION" missed="3" covered="0" />
                <counter type="LINE" missed="1" covered="0" />
                <counter type="COMPLEXITY" missed="1" covered="0" />
                <counter type="METHOD" missed="1" covered="0" />
            </method>
            <method name="setUser" desc="(Lcom/example/catanserver/businessLogic/model/User;)V"
                line="37">
                <counter type="INSTRUCTION" missed="4" covered="0" />
                <counter type="LINE" missed="2" covered="0" />
                <counter type="COMPLEXITY" missed="1" covered="0" />
                <counter type="METHOD" missed="1" covered="0" />
            </method>
            <counter type="INSTRUCTION" missed="62" covered="0" />
            <counter type="LINE" missed="13" covered="0" />
            <counter type="COMPLEXITY" missed="6" covered="0" />
            <counter type="METHOD" missed="6" covered="0" />
            <counter type="CLASS" missed="1" covered="0" />
        </class>
        <class name="com/example/catanserver/businessLogic/model/gameboard/Knot"
            sourcefilename="Knot.java">
            <method name="&lt;init&gt;" desc="(II)V" line="19">
                <counter type="INSTRUCTION" missed="0" covered="43" />
                <counter type="LINE" missed="0" covered="11" />
                <counter type="COMPLEXITY" missed="0" covered="1" />
                <counter type="METHOD" missed="0" covered="1" />
            </method>
            <method name="toString" desc="()Ljava/lang/String;" line="32">
                <counter type="INSTRUCTION" missed="15" covered="0" />
                <counter type="LINE" missed="1" covered="0" />
                <counter type="COMPLEXITY" missed="1" covered="0" />
                <counter type="METHOD" missed="1" covered="0" />
            </method>
            <method name="getRow" desc="()I" line="36">
                <counter type="INSTRUCTION" missed="0" covered="3" />
                <counter type="LINE" missed="0" covered="1" />
                <counter type="COMPLEXITY" missed="0" covered="1" />
                <counter type="METHOD" missed="0" covered="1" />
            </method>
            <method name="getColumn" desc="()I" line="40">
                <counter type="INSTRUCTION" missed="3" covered="0" />
                <counter type="LINE" missed="1" covered="0" />
                <counter type="COMPLEXITY" missed="1" covered="0" />
                <counter type="METHOD" missed="1" covered="0" />
            </method>
            <method name="getPath" desc="()Ljava/util/ArrayList;" line="44">
                <counter type="INSTRUCTION" missed="3" covered="0" />
                <counter type="LINE" missed="1" covered="0" />
                <counter type="COMPLEXITY" missed="1" covered="0" />
                <counter type="METHOD" missed="1" covered="0" />
            </method>
            <method name="setIsHarbourKnot" desc="()V" line="48">
                <counter type="INSTRUCTION" missed="4" covered="13" />
                <counter type="BRANCH" missed="1" covered="1" />
                <counter type="LINE" missed="2" covered="3" />
                <counter type="COMPLEXITY" missed="1" covered="1" />
                <counter type="METHOD" missed="0" covered="1" />
            </method>
            <method name="getIsHarbourKnot" desc="()Z" line="77">
                <counter type="INSTRUCTION" missed="3" covered="0" />
                <counter type="LINE" missed="1" covered="0" />
                <counter type="COMPLEXITY" missed="1" covered="0" />
                <counter type="METHOD" missed="1" covered="0" />
            </method>
            <method name="getId" desc="()Ljava/lang/String;" line="81">
                <counter type="INSTRUCTION" missed="3" covered="0" />
                <counter type="LINE" missed="1" covered="0" />
                <counter type="COMPLEXITY" missed="1" covered="0" />
                <counter type="METHOD" missed="1" covered="0" />
            </method>
            <method name="isSettled" desc="()Z" line="85">
                <counter type="INSTRUCTION" missed="3" covered="0" />
                <counter type="LINE" missed="1" covered="0" />
                <counter type="COMPLEXITY" missed="1" covered="0" />
                <counter type="METHOD" missed="1" covered="0" />
            </method>
            <method name="HasCity" desc="()Z" line="89">
                <counter type="INSTRUCTION" missed="3" covered="0" />
                <counter type="LINE" missed="1" covered="0" />
                <counter type="COMPLEXITY" missed="1" covered="0" />
                <counter type="METHOD" missed="1" covered="0" />
            </method>
            <method name="getUser" desc="()Lcom/example/catanserver/businessLogic/model/User;"
                line="93">
                <counter type="INSTRUCTION" missed="3" covered="0" />
                <counter type="LINE" missed="1" covered="0" />
                <counter type="COMPLEXITY" missed="1" covered="0" />
                <counter type="METHOD" missed="1" covered="0" />
            </method>
            <method name="isHarbourKnot" desc="()Z" line="97">
                <counter type="INSTRUCTION" missed="3" covered="0" />
                <counter type="LINE" missed="1" covered="0" />
                <counter type="COMPLEXITY" missed="1" covered="0" />
                <counter type="METHOD" missed="1" covered="0" />
            </method>
            <method name="setPath" desc="(Ljava/util/ArrayList;)V" line="101">
                <counter type="INSTRUCTION" missed="4" covered="0" />
                <counter type="LINE" missed="2" covered="0" />
                <counter type="COMPLEXITY" missed="1" covered="0" />
                <counter type="METHOD" missed="1" covered="0" />
            </method>
            <method name="setSettled" desc="(Z)V" line="105">
                <counter type="INSTRUCTION" missed="4" covered="0" />
                <counter type="LINE" missed="2" covered="0" />
                <counter type="COMPLEXITY" missed="1" covered="0" />
                <counter type="METHOD" missed="1" covered="0" />
            </method>
            <method name="setHasCity" desc="(Z)V" line="109">
                <counter type="INSTRUCTION" missed="4" covered="0" />
                <counter type="LINE" missed="2" covered="0" />
                <counter type="COMPLEXITY" missed="1" covered="0" />
                <counter type="METHOD" missed="1" covered="0" />
            </method>
            <method name="setUser" desc="(Lcom/example/catanserver/businessLogic/model/User;)V"
                line="113">
                <counter type="INSTRUCTION" missed="4" covered="0" />
                <counter type="LINE" missed="2" covered="0" />
                <counter type="COMPLEXITY" missed="1" covered="0" />
                <counter type="METHOD" missed="1" covered="0" />
            </method>
            <counter type="INSTRUCTION" missed="59" covered="59" />
            <counter type="BRANCH" missed="1" covered="1" />
            <counter type="LINE" missed="19" covered="15" />
            <counter type="COMPLEXITY" missed="14" covered="3" />
            <counter type="METHOD" missed="13" covered="3" />
            <counter type="CLASS" missed="0" covered="1" />
        </class>
        <sourcefile name="Tile.java">
            <line nr="13" mi="2" ci="0" mb="0" cb="0" />
            <line nr="14" mi="3" ci="0" mb="0" cb="0" />
            <line nr="15" mi="3" ci="0" mb="0" cb="0" />
            <line nr="16" mi="2" ci="0" mb="0" cb="0" />
            <line nr="17" mi="2" ci="0" mb="0" cb="0" />
            <line nr="18" mi="4" ci="0" mb="0" cb="0" />
            <line nr="19" mi="1" ci="0" mb="0" cb="0" />
            <line nr="22" mi="3" ci="0" mb="0" cb="0" />
            <line nr="23" mi="2" ci="0" mb="7" cb="0" />
            <line nr="28" mi="3" ci="0" mb="0" cb="0" />
            <line nr="29" mi="1" ci="0" mb="0" cb="0" />
            <line nr="33" mi="3" ci="0" mb="0" cb="0" />
            <line nr="34" mi="1" ci="0" mb="0" cb="0" />
            <line nr="39" mi="3" ci="0" mb="0" cb="0" />
            <line nr="40" mi="1" ci="0" mb="0" cb="0" />
            <line nr="44" mi="3" ci="0" mb="0" cb="0" />
            <line nr="45" mi="1" ci="0" mb="0" cb="0" />
            <line nr="50" mi="3" ci="0" mb="0" cb="0" />
            <line nr="51" mi="1" ci="0" mb="0" cb="0" />
            <line nr="53" mi="3" ci="0" mb="0" cb="0" />
            <line nr="57" mi="1" ci="0" mb="0" cb="0" />
            <line nr="60" mi="3" ci="0" mb="0" cb="0" />
            <line nr="64" mi="3" ci="0" mb="0" cb="0" />
            <line nr="68" mi="3" ci="0" mb="0" cb="0" />
            <line nr="72" mi="3" ci="0" mb="0" cb="0" />
            <line nr="73" mi="1" ci="0" mb="0" cb="0" />
            <line nr="76" mi="3" ci="0" mb="0" cb="0" />
            <line nr="77" mi="1" ci="0" mb="0" cb="0" />
            <line nr="80" mi="3" ci="0" mb="0" cb="0" />
            <line nr="81" mi="1" ci="0" mb="0" cb="0" />
            <line nr="84" mi="3" ci="0" mb="0" cb="0" />
            <line nr="88" mi="3" ci="0" mb="11" cb="0" />
            <line nr="91" mi="3" ci="0" mb="0" cb="0" />
            <line nr="92" mi="1" ci="0" mb="0" cb="0" />
            <line nr="96" mi="3" ci="0" mb="0" cb="0" />
            <line nr="97" mi="1" ci="0" mb="0" cb="0" />
            <line nr="101" mi="3" ci="0" mb="0" cb="0" />
            <line nr="102" mi="1" ci="0" mb="0" cb="0" />
            <line nr="106" mi="3" ci="0" mb="0" cb="0" />
            <line nr="107" mi="1" ci="0" mb="0" cb="0" />
            <line nr="111" mi="3" ci="0" mb="0" cb="0" />
            <line nr="112" mi="1" ci="0" mb="0" cb="0" />
            <line nr="115" mi="3" ci="0" mb="0" cb="0" />
            <line nr="116" mi="1" ci="0" mb="0" cb="0" />
            <line nr="120" mi="3" ci="0" mb="0" cb="0" />
            <line nr="121" mi="1" ci="0" mb="0" cb="0" />
            <line nr="125" mi="3" ci="0" mb="0" cb="0" />
            <line nr="126" mi="1" ci="0" mb="0" cb="0" />
            <line nr="130" mi="3" ci="0" mb="0" cb="0" />
            <line nr="131" mi="1" ci="0" mb="0" cb="0" />
            <line nr="135" mi="3" ci="0" mb="0" cb="0" />
            <line nr="141" mi="1" ci="0" mb="0" cb="0" />
            <line nr="144" mi="3" ci="0" mb="0" cb="0" />
            <counter type="INSTRUCTION" missed="116" covered="0" />
            <counter type="BRANCH" missed="18" covered="0" />
            <counter type="LINE" missed="53" covered="0" />
            <counter type="COMPLEXITY" missed="27" covered="0" />
            <counter type="METHOD" missed="11" covered="0" />
            <counter type="CLASS" missed="1" covered="0" />
        </sourcefile>
        <sourcefile name="Gameboard.java">
            <line nr="5" mi="4" ci="0" mb="0" cb="0" />
            <line nr="6" mi="4" ci="0" mb="0" cb="0" />
            <line nr="7" mi="4" ci="0" mb="0" cb="0" />
            <line nr="9" mi="2" ci="0" mb="0" cb="0" />
            <line nr="10" mi="7" ci="0" mb="2" cb="0" />
            <line nr="11" mi="10" ci="0" mb="0" cb="0" />
            <line nr="13" mi="2" ci="0" mb="0" cb="0" />
            <line nr="14" mi="2" ci="0" mb="0" cb="0" />
            <line nr="15" mi="2" ci="0" mb="0" cb="0" />
            <line nr="16" mi="1" ci="0" mb="0" cb="0" />
            <line nr="19" mi="2" ci="0" mb="0" cb="0" />
            <line nr="20" mi="2" ci="0" mb="0" cb="0" />
            <line nr="21" mi="7" ci="0" mb="2" cb="0" />
            <line nr="22" mi="6" ci="0" mb="4" cb="0" />
            <line nr="23" mi="11" ci="0" mb="0" cb="0" />
            <line nr="24" mi="1" ci="0" mb="0" cb="0" />
            <line nr="25" mi="5" ci="0" mb="2" cb="0" />
            <line nr="26" mi="2" ci="0" mb="0" cb="0" />
            <line nr="27" mi="3" ci="0" mb="0" cb="0" />
            <line nr="29" mi="6" ci="0" mb="4" cb="0" />
            <line nr="30" mi="11" ci="0" mb="0" cb="0" />
            <line nr="31" mi="1" ci="0" mb="0" cb="0" />
            <line nr="32" mi="5" ci="0" mb="2" cb="0" />
            <line nr="33" mi="2" ci="0" mb="0" cb="0" />
            <line nr="34" mi="3" ci="0" mb="0" cb="0" />
            <line nr="36" mi="6" ci="0" mb="4" cb="0" />
            <line nr="37" mi="9" ci="0" mb="0" cb="0" />
            <line nr="38" mi="1" ci="0" mb="0" cb="0" />
            <line nr="39" mi="3" ci="0" mb="2" cb="0" />
            <line nr="40" mi="2" ci="0" mb="0" cb="0" />
            <line nr="41" mi="3" ci="0" mb="0" cb="0" />
            <line nr="43" mi="6" ci="0" mb="4" cb="0" />
            <line nr="44" mi="9" ci="0" mb="0" cb="0" />
            <line nr="45" mi="1" ci="0" mb="0" cb="0" />
            <line nr="46" mi="3" ci="0" mb="2" cb="0" />
            <line nr="47" mi="2" ci="0" mb="0" cb="0" />
            <line nr="48" mi="3" ci="0" mb="0" cb="0" />
            <line nr="50" mi="6" ci="0" mb="4" cb="0" />
            <line nr="51" mi="11" ci="0" mb="0" cb="0" />
            <line nr="52" mi="1" ci="0" mb="0" cb="0" />
            <line nr="53" mi="5" ci="0" mb="2" cb="0" />
            <line nr="54" mi="2" ci="0" mb="0" cb="0" />
            <line nr="55" mi="3" ci="0" mb="0" cb="0" />
            <line nr="57" mi="6" ci="0" mb="4" cb="0" />
            <line nr="58" mi="11" ci="0" mb="0" cb="0" />
            <line nr="59" mi="1" ci="0" mb="0" cb="0" />
            <line nr="60" mi="5" ci="0" mb="2" cb="0" />
            <line nr="61" mi="2" ci="0" mb="0" cb="0" />
            <line nr="62" mi="2" ci="0" mb="0" cb="0" />
            <line nr="66" mi="1" ci="0" mb="0" cb="0" />
            <line nr="69" mi="3" ci="0" mb="0" cb="0" />
            <line nr="70" mi="3" ci="0" mb="0" cb="0" />
            <line nr="71" mi="3" ci="0" mb="0" cb="0" />
            <line nr="72" mi="3" ci="0" mb="0" cb="0" />
            <line nr="73" mi="3" ci="0" mb="0" cb="0" />
            <line nr="74" mi="3" ci="0" mb="0" cb="0" />
            <line nr="75" mi="3" ci="0" mb="0" cb="0" />
            <line nr="76" mi="3" ci="0" mb="0" cb="0" />
            <line nr="77" mi="3" ci="0" mb="0" cb="0" />
            <line nr="78" mi="3" ci="0" mb="0" cb="0" />
            <line nr="79" mi="3" ci="0" mb="0" cb="0" />
            <line nr="80" mi="3" ci="0" mb="0" cb="0" />
            <line nr="81" mi="3" ci="0" mb="0" cb="0" />
            <line nr="82" mi="3" ci="0" mb="0" cb="0" />
            <line nr="83" mi="3" ci="0" mb="0" cb="0" />
            <line nr="84" mi="3" ci="0" mb="0" cb="0" />
            <line nr="85" mi="3" ci="0" mb="0" cb="0" />
            <line nr="86" mi="3" ci="0" mb="0" cb="0" />
            <line nr="87" mi="3" ci="0" mb="0" cb="0" />
            <line nr="89" mi="7" ci="0" mb="2" cb="0" />
            <line nr="90" mi="7" ci="0" mb="0" cb="0" />
            <line nr="92" mi="7" ci="0" mb="2" cb="0" />
            <line nr="93" mi="9" ci="0" mb="0" cb="0" />
            <line nr="96" mi="7" ci="0" mb="2" cb="0" />
            <line nr="97" mi="9" ci="0" mb="0" cb="0" />
            <line nr="99" mi="7" ci="0" mb="2" cb="0" />
            <line nr="100" mi="9" ci="0" mb="0" cb="0" />
            <line nr="103" mi="7" ci="0" mb="2" cb="0" />
            <line nr="104" mi="9" ci="0" mb="0" cb="0" />
            <line nr="106" mi="7" ci="0" mb="2" cb="0" />
            <line nr="107" mi="9" ci="0" mb="0" cb="0" />
            <line nr="110" mi="7" ci="0" mb="2" cb="0" />
            <line nr="111" mi="9" ci="0" mb="0" cb="0" />
            <line nr="113" mi="7" ci="0" mb="2" cb="0" />
            <line nr="114" mi="9" ci="0" mb="0" cb="0" />
            <line nr="117" mi="7" ci="0" mb="2" cb="0" />
            <line nr="118" mi="9" ci="0" mb="0" cb="0" />
            <line nr="120" mi="7" ci="0" mb="2" cb="0" />
            <line nr="121" mi="9" ci="0" mb="0" cb="0" />
            <line nr="124" mi="7" ci="0" mb="2" cb="0" />
            <line nr="125" mi="9" ci="0" mb="0" cb="0" />
            <line nr="127" mi="7" ci="0" mb="2" cb="0" />
            <line nr="128" mi="9" ci="0" mb="0" cb="0" />
            <line nr="131" mi="7" ci="0" mb="2" cb="0" />
            <line nr="132" mi="9" ci="0" mb="0" cb="0" />
            <line nr="134" mi="7" ci="0" mb="2" cb="0" />
            <line nr="135" mi="9" ci="0" mb="0" cb="0" />
            <line nr="138" mi="7" ci="0" mb="2" cb="0" />
            <line nr="139" mi="9" ci="0" mb="0" cb="0" />
            <line nr="141" mi="7" ci="0" mb="2" cb="0" />
            <line nr="142" mi="9" ci="0" mb="0" cb="0" />
            <line nr="145" mi="7" ci="0" mb="2" cb="0" />
            <line nr="146" mi="9" ci="0" mb="0" cb="0" />
            <line nr="148" mi="7" ci="0" mb="2" cb="0" />
            <line nr="149" mi="9" ci="0" mb="0" cb="0" />
            <line nr="152" mi="7" ci="0" mb="2" cb="0" />
            <line nr="153" mi="9" ci="0" mb="0" cb="0" />
            <line nr="155" mi="7" ci="0" mb="2" cb="0" />
            <line nr="156" mi="9" ci="0" mb="0" cb="0" />
            <line nr="159" mi="7" ci="0" mb="2" cb="0" />
            <line nr="160" mi="9" ci="0" mb="0" cb="0" />
            <line nr="162" mi="7" ci="0" mb="2" cb="0" />
            <line nr="163" mi="9" ci="0" mb="0" cb="0" />
            <line nr="166" mi="7" ci="0" mb="2" cb="0" />
            <line nr="167" mi="9" ci="0" mb="0" cb="0" />
            <line nr="169" mi="7" ci="0" mb="2" cb="0" />
            <line nr="170" mi="9" ci="0" mb="0" cb="0" />
            <line nr="173" mi="7" ci="0" mb="2" cb="0" />
            <line nr="174" mi="9" ci="0" mb="0" cb="0" />
            <line nr="176" mi="7" ci="0" mb="2" cb="0" />
            <line nr="177" mi="9" ci="0" mb="0" cb="0" />
            <line nr="180" mi="7" ci="0" mb="2" cb="0" />
            <line nr="181" mi="9" ci="0" mb="0" cb="0" />
            <line nr="183" mi="7" ci="0" mb="2" cb="0" />
            <line nr="184" mi="9" ci="0" mb="0" cb="0" />
            <line nr="187" mi="7" ci="0" mb="2" cb="0" />
            <line nr="188" mi="9" ci="0" mb="0" cb="0" />
            <line nr="190" mi="7" ci="0" mb="2" cb="0" />
            <line nr="191" mi="9" ci="0" mb="0" cb="0" />
            <line nr="194" mi="7" ci="0" mb="2" cb="0" />
            <line nr="195" mi="9" ci="0" mb="0" cb="0" />
            <line nr="197" mi="7" ci="0" mb="2" cb="0" />
            <line nr="198" mi="9" ci="0" mb="0" cb="0" />
            <line nr="201" mi="7" ci="0" mb="2" cb="0" />
            <line nr="202" mi="9" ci="0" mb="0" cb="0" />
            <line nr="204" mi="7" ci="0" mb="2" cb="0" />
            <line nr="205" mi="9" ci="0" mb="0" cb="0" />
            <line nr="208" mi="7" ci="0" mb="2" cb="0" />
            <line nr="209" mi="9" ci="0" mb="0" cb="0" />
            <line nr="211" mi="7" ci="0" mb="2" cb="0" />
            <line nr="212" mi="9" ci="0" mb="0" cb="0" />
            <line nr="215" mi="7" ci="0" mb="2" cb="0" />
            <line nr="216" mi="9" ci="0" mb="0" cb="0" />
            <line nr="218" mi="7" ci="0" mb="2" cb="0" />
            <line nr="219" mi="9" ci="0" mb="0" cb="0" />
            <line nr="222" mi="6" ci="0" mb="0" cb="0" />
            <line nr="223" mi="6" ci="0" mb="0" cb="0" />
            <line nr="224" mi="6" ci="0" mb="0" cb="0" />
            <line nr="225" mi="6" ci="0" mb="0" cb="0" />
            <line nr="226" mi="6" ci="0" mb="0" cb="0" />
            <line nr="227" mi="6" ci="0" mb="0" cb="0" />
            <line nr="228" mi="6" ci="0" mb="0" cb="0" />
            <line nr="229" mi="6" ci="0" mb="0" cb="0" />
            <line nr="230" mi="6" ci="0" mb="0" cb="0" />
            <line nr="231" mi="6" ci="0" mb="0" cb="0" />
            <line nr="232" mi="6" ci="0" mb="0" cb="0" />
            <line nr="233" mi="6" ci="0" mb="0" cb="0" />
            <line nr="234" mi="6" ci="0" mb="0" cb="0" />
            <line nr="235" mi="6" ci="0" mb="0" cb="0" />
            <line nr="236" mi="6" ci="0" mb="0" cb="0" />
            <line nr="237" mi="6" ci="0" mb="0" cb="0" />
            <line nr="238" mi="6" ci="0" mb="0" cb="0" />
            <line nr="239" mi="6" ci="0" mb="0" cb="0" />
            <line nr="240" mi="6" ci="0" mb="0" cb="0" />
            <line nr="242" mi="1" ci="0" mb="0" cb="0" />
            <line nr="245" mi="7" ci="0" mb="2" cb="0" />
            <line nr="246" mi="17" ci="0" mb="0" cb="0" />
            <line nr="248" mi="2" ci="0" mb="0" cb="0" />
            <line nr="249" mi="7" ci="0" mb="2" cb="0" />
            <line nr="250" mi="17" ci="0" mb="0" cb="0" />
            <line nr="251" mi="4" ci="0" mb="0" cb="0" />
            <line nr="253" mi="7" ci="0" mb="2" cb="0" />
            <line nr="254" mi="19" ci="0" mb="0" cb="0" />
            <line nr="256" mi="2" ci="0" mb="0" cb="0" />
            <line nr="257" mi="7" ci="0" mb="2" cb="0" />
            <line nr="258" mi="17" ci="0" mb="0" cb="0" />
            <line nr="259" mi="4" ci="0" mb="0" cb="0" />
            <line nr="261" mi="7" ci="0" mb="2" cb="0" />
            <line nr="262" mi="19" ci="0" mb="0" cb="0" />
            <line nr="264" mi="2" ci="0" mb="0" cb="0" />
            <line nr="265" mi="7" ci="0" mb="2" cb="0" />
            <line nr="266" mi="17" ci="0" mb="0" cb="0" />
            <line nr="267" mi="4" ci="0" mb="0" cb="0" />
            <line nr="269" mi="7" ci="0" mb="2" cb="0" />
            <line nr="270" mi="19" ci="0" mb="0" cb="0" />
            <line nr="272" mi="2" ci="0" mb="0" cb="0" />
            <line nr="273" mi="7" ci="0" mb="2" cb="0" />
            <line nr="274" mi="17" ci="0" mb="0" cb="0" />
            <line nr="275" mi="4" ci="0" mb="0" cb="0" />
            <line nr="277" mi="7" ci="0" mb="2" cb="0" />
            <line nr="278" mi="19" ci="0" mb="0" cb="0" />
            <line nr="280" mi="2" ci="0" mb="0" cb="0" />
            <line nr="281" mi="7" ci="0" mb="2" cb="0" />
            <line nr="282" mi="17" ci="0" mb="0" cb="0" />
            <line nr="283" mi="4" ci="0" mb="0" cb="0" />
            <line nr="285" mi="7" ci="0" mb="2" cb="0" />
            <line nr="286" mi="19" ci="0" mb="0" cb="0" />
            <line nr="290" mi="1" ci="0" mb="0" cb="0" />
            <line nr="293" mi="3" ci="0" mb="0" cb="0" />
            <line nr="297" mi="3" ci="0" mb="0" cb="0" />
            <line nr="301" mi="3" ci="0" mb="0" cb="0" />
            <counter type="INSTRUCTION" missed="1301" covered="0" />
            <counter type="BRANCH" missed="138" covered="0" />
            <counter type="LINE" missed="201" covered="0" />
            <counter type="COMPLEXITY" missed="76" covered="0" />
            <counter type="METHOD" missed="7" covered="0" />
            <counter type="CLASS" missed="1" covered="0" />
        </sourcefile>
        <sourcefile name="Edge.java">
            <line nr="12" mi="2" ci="0" mb="0" cb="0" />
            <line nr="13" mi="3" ci="0" mb="0" cb="0" />
            <line nr="14" mi="3" ci="0" mb="0" cb="0" />
            <line nr="15" mi="26" ci="0" mb="0" cb="0" />
            <line nr="16" mi="7" ci="0" mb="0" cb="0" />
            <line nr="17" mi="4" ci="0" mb="0" cb="0" />
            <line nr="18" mi="1" ci="0" mb="0" cb="0" />
            <line nr="21" mi="3" ci="0" mb="0" cb="0" />
            <line nr="25" mi="3" ci="0" mb="0" cb="0" />
            <line nr="29" mi="3" ci="0" mb="0" cb="0" />
            <line nr="33" mi="3" ci="0" mb="0" cb="0" />
            <line nr="37" mi="3" ci="0" mb="0" cb="0" />
            <line nr="38" mi="1" ci="0" mb="0" cb="0" />
            <counter type="INSTRUCTION" missed="62" covered="0" />
            <counter type="LINE" missed="13" covered="0" />
            <counter type="COMPLEXITY" missed="6" covered="0" />
            <counter type="METHOD" missed="6" covered="0" />
            <counter type="CLASS" missed="1" covered="0" />
        </sourcefile>
        <sourcefile name="Knot.java">
            <line nr="19" mi="0" ci="2" mb="0" cb="0" />
            <line nr="20" mi="0" ci="7" mb="0" cb="0" />
            <line nr="21" mi="0" ci="4" mb="0" cb="0" />
            <line nr="22" mi="0" ci="3" mb="0" cb="0" />
            <line nr="23" mi="0" ci="3" mb="0" cb="0" />
            <line nr="24" mi="0" ci="12" mb="0" cb="0" />
            <line nr="25" mi="0" ci="3" mb="0" cb="0" />
            <line nr="26" mi="0" ci="3" mb="0" cb="0" />
            <line nr="27" mi="0" ci="3" mb="0" cb="0" />
            <line nr="28" mi="0" ci="2" mb="0" cb="0" />
            <line nr="29" mi="0" ci="1" mb="0" cb="0" />
            <line nr="32" mi="15" ci="0" mb="0" cb="0" />
            <line nr="36" mi="0" ci="3" mb="0" cb="0" />
            <line nr="40" mi="3" ci="0" mb="0" cb="0" />
            <line nr="44" mi="3" ci="0" mb="0" cb="0" />
            <line nr="48" mi="0" ci="9" mb="1" cb="1" />
            <line nr="67" mi="3" ci="0" mb="0" cb="0" />
            <line nr="68" mi="1" ci="0" mb="0" cb="0" />
            <line nr="71" mi="0" ci="3" mb="0" cb="0" />
            <line nr="74" mi="0" ci="1" mb="0" cb="0" />
            <line nr="77" mi="3" ci="0" mb="0" cb="0" />
            <line nr="81" mi="3" ci="0" mb="0" cb="0" />
            <line nr="85" mi="3" ci="0" mb="0" cb="0" />
            <line nr="89" mi="3" ci="0" mb="0" cb="0" />
            <line nr="93" mi="3" ci="0" mb="0" cb="0" />
            <line nr="97" mi="3" ci="0" mb="0" cb="0" />
            <line nr="101" mi="3" ci="0" mb="0" cb="0" />
            <line nr="102" mi="1" ci="0" mb="0" cb="0" />
            <line nr="105" mi="3" ci="0" mb="0" cb="0" />
            <line nr="106" mi="1" ci="0" mb="0" cb="0" />
            <line nr="109" mi="3" ci="0" mb="0" cb="0" />
            <line nr="110" mi="1" ci="0" mb="0" cb="0" />
            <line nr="113" mi="3" ci="0" mb="0" cb="0" />
            <line nr="114" mi="1" ci="0" mb="0" cb="0" />
            <counter type="INSTRUCTION" missed="59" covered="59" />
            <counter type="BRANCH" missed="1" covered="1" />
            <counter type="LINE" missed="19" covered="15" />
            <counter type="COMPLEXITY" missed="14" covered="3" />
            <counter type="METHOD" missed="13" covered="3" />
            <counter type="CLASS" missed="0" covered="1" />
        </sourcefile>
        <counter type="INSTRUCTION" missed="1538" covered="59" />
        <counter type="BRANCH" missed="157" covered="1" />
        <counter type="LINE" missed="286" covered="15" />
        <counter type="COMPLEXITY" missed="123" covered="3" />
        <counter type="METHOD" missed="37" covered="3" />
        <counter type="CLASS" missed="3" covered="1" />
    </package>
    <package name="com/example/catanserver/businessLogic/services">
        <class name="com/example/catanserver/businessLogic/services/UserServiceImpl"
            sourcefilename="UserServiceImpl.java">
            <method name="&lt;init&gt;" desc="()V" line="20">
                <counter type="INSTRUCTION" missed="7" covered="0" />
                <counter type="LINE" missed="3" covered="0" />
                <counter type="COMPLEXITY" missed="1" covered="0" />
                <counter type="METHOD" missed="1" covered="0" />
            </method>
            <method name="findObject"
                desc="(Ljava/lang/Integer;)Lcom/example/catanserver/businessLogic/model/UserImpl;"
                line="32">
                <counter type="INSTRUCTION" missed="21" covered="0" />
                <counter type="BRANCH" missed="4" covered="0" />
                <counter type="LINE" missed="5" covered="0" />
                <counter type="COMPLEXITY" missed="3" covered="0" />
                <counter type="METHOD" missed="1" covered="0" />
            </method>
            <method name="fetchAll" desc="()Ljava/util/ArrayList;" line="44">
                <counter type="INSTRUCTION" missed="3" covered="0" />
                <counter type="LINE" missed="1" covered="0" />
                <counter type="COMPLEXITY" missed="1" covered="0" />
                <counter type="METHOD" missed="1" covered="0" />
            </method>
            <method name="insert"
                desc="(Lcom/example/catanserver/businessLogic/model/UserImpl;)Lcom/example/catanserver/businessLogic/model/UserImpl;"
                line="55">
                <counter type="INSTRUCTION" missed="26" covered="0" />
                <counter type="LINE" missed="3" covered="0" />
                <counter type="COMPLEXITY" missed="1" covered="0" />
                <counter type="METHOD" missed="1" covered="0" />
            </method>
            <method name="delete" desc="(Ljava/lang/Integer;)V" line="67">
                <counter type="INSTRUCTION" missed="30" covered="0" />
                <counter type="BRANCH" missed="6" covered="0" />
                <counter type="LINE" missed="9" covered="0" />
                <counter type="COMPLEXITY" missed="4" covered="0" />
                <counter type="METHOD" missed="1" covered="0" />
            </method>
            <method name="update"
                desc="(Lcom/example/catanserver/businessLogic/model/UserImpl;)Lcom/example/catanserver/businessLogic/model/UserImpl;"
                line="89">
                <counter type="INSTRUCTION" missed="36" covered="0" />
                <counter type="BRANCH" missed="6" covered="0" />
                <counter type="LINE" missed="10" covered="0" />
                <counter type="COMPLEXITY" missed="4" covered="0" />
                <counter type="METHOD" missed="1" covered="0" />
            </method>
            <method name="findUserByUsername"
                desc="(Ljava/lang/String;)Lcom/example/catanserver/businessLogic/model/UserImpl;"
                line="111">
                <counter type="INSTRUCTION" missed="21" covered="0" />
                <counter type="BRANCH" missed="4" covered="0" />
                <counter type="LINE" missed="5" covered="0" />
                <counter type="COMPLEXITY" missed="3" covered="0" />
                <counter type="METHOD" missed="1" covered="0" />
            </method>
            <method name="findUserByHost"
                desc="(Ljava/lang/String;)Lcom/example/catanserver/businessLogic/model/UserImpl;"
                line="127">
                <counter type="INSTRUCTION" missed="21" covered="0" />
                <counter type="BRANCH" missed="4" covered="0" />
                <counter type="LINE" missed="5" covered="0" />
                <counter type="COMPLEXITY" missed="3" covered="0" />
                <counter type="METHOD" missed="1" covered="0" />
            </method>
            <method name="getNameList" desc="()Ljava/util/ArrayList;" line="140">
                <counter type="INSTRUCTION" missed="23" covered="0" />
                <counter type="BRANCH" missed="2" covered="0" />
                <counter type="LINE" missed="5" covered="0" />
                <counter type="COMPLEXITY" missed="2" covered="0" />
                <counter type="METHOD" missed="1" covered="0" />
            </method>
            <counter type="INSTRUCTION" missed="188" covered="0" />
            <counter type="BRANCH" missed="26" covered="0" />
            <counter type="LINE" missed="46" covered="0" />
            <counter type="COMPLEXITY" missed="22" covered="0" />
            <counter type="METHOD" missed="9" covered="0" />
            <counter type="CLASS" missed="1" covered="0" />
        </class>
        <class name="com/example/catanserver/businessLogic/services/Service"
            sourcefilename="Service.java" />
        <class name="com/example/catanserver/businessLogic/services/PlayerServiceImpl"
            sourcefilename="PlayerServiceImpl.java">
            <method name="&lt;init&gt;" desc="()V" line="15">
                <counter type="INSTRUCTION" missed="3" covered="0" />
                <counter type="LINE" missed="1" covered="0" />
                <counter type="COMPLEXITY" missed="1" covered="0" />
                <counter type="METHOD" missed="1" covered="0" />
            </method>
            <method name="findObject"
                desc="(Ljava/lang/Integer;)Lcom/example/catanserver/businessLogic/model/PlayerImpl;"
                line="25">
                <counter type="INSTRUCTION" missed="21" covered="0" />
                <counter type="BRANCH" missed="4" covered="0" />
                <counter type="LINE" missed="5" covered="0" />
                <counter type="COMPLEXITY" missed="3" covered="0" />
                <counter type="METHOD" missed="1" covered="0" />
            </method>
            <method name="fetchAll" desc="()Ljava/util/ArrayList;" line="37">
                <counter type="INSTRUCTION" missed="3" covered="0" />
                <counter type="LINE" missed="1" covered="0" />
                <counter type="COMPLEXITY" missed="1" covered="0" />
                <counter type="METHOD" missed="1" covered="0" />
            </method>
            <method name="insert"
                desc="(Lcom/example/catanserver/businessLogic/model/PlayerImpl;)Lcom/example/catanserver/businessLogic/model/PlayerImpl;"
                line="48">
                <counter type="INSTRUCTION" missed="11" covered="0" />
                <counter type="LINE" missed="3" covered="0" />
                <counter type="COMPLEXITY" missed="1" covered="0" />
                <counter type="METHOD" missed="1" covered="0" />
            </method>
            <method name="delete" desc="(Ljava/lang/Integer;)V" line="60">
                <counter type="INSTRUCTION" missed="30" covered="0" />
                <counter type="BRANCH" missed="6" covered="0" />
                <counter type="LINE" missed="9" covered="0" />
                <counter type="COMPLEXITY" missed="4" covered="0" />
                <counter type="METHOD" missed="1" covered="0" />
            </method>
            <method name="update"
                desc="(Lcom/example/catanserver/businessLogic/model/PlayerImpl;)Lcom/example/catanserver/businessLogic/model/PlayerImpl;"
                line="81">
                <counter type="INSTRUCTION" missed="36" covered="0" />
                <counter type="BRANCH" missed="6" covered="0" />
                <counter type="LINE" missed="10" covered="0" />
                <counter type="COMPLEXITY" missed="4" covered="0" />
                <counter type="METHOD" missed="1" covered="0" />
            </method>
            <method name="findPlayerByUsername"
                desc="(Ljava/lang/String;)Lcom/example/catanserver/businessLogic/model/PlayerImpl;"
                line="103">
                <counter type="INSTRUCTION" missed="21" covered="0" />
                <counter type="BRANCH" missed="4" covered="0" />
                <counter type="LINE" missed="5" covered="0" />
                <counter type="COMPLEXITY" missed="3" covered="0" />
                <counter type="METHOD" missed="1" covered="0" />
            </method>
            <method name="findPlayerByHost"
                desc="(Ljava/lang/String;)Lcom/example/catanserver/businessLogic/model/PlayerImpl;"
                line="119">
                <counter type="INSTRUCTION" missed="21" covered="0" />
                <counter type="BRANCH" missed="4" covered="0" />
                <counter type="LINE" missed="5" covered="0" />
                <counter type="COMPLEXITY" missed="3" covered="0" />
                <counter type="METHOD" missed="1" covered="0" />
            </method>
            <method name="getNameList" desc="()Ljava/util/ArrayList;" line="131">
                <counter type="INSTRUCTION" missed="23" covered="0" />
                <counter type="BRANCH" missed="2" covered="0" />
                <counter type="LINE" missed="5" covered="0" />
                <counter type="COMPLEXITY" missed="2" covered="0" />
                <counter type="METHOD" missed="1" covered="0" />
            </method>
            <counter type="INSTRUCTION" missed="169" covered="0" />
            <counter type="BRANCH" missed="26" covered="0" />
            <counter type="LINE" missed="44" covered="0" />
            <counter type="COMPLEXITY" missed="22" covered="0" />
            <counter type="METHOD" missed="9" covered="0" />
            <counter type="CLASS" missed="1" covered="0" />
        </class>
        <class name="com/example/catanserver/businessLogic/services/ServiceImpl"
            sourcefilename="ServiceImpl.java">
            <method name="&lt;init&gt;" desc="()V" line="12">
                <counter type="INSTRUCTION" missed="8" covered="0" />
                <counter type="LINE" missed="2" covered="0" />
                <counter type="COMPLEXITY" missed="1" covered="0" />
                <counter type="METHOD" missed="1" covered="0" />
            </method>
            <counter type="INSTRUCTION" missed="8" covered="0" />
            <counter type="LINE" missed="2" covered="0" />
            <counter type="COMPLEXITY" missed="1" covered="0" />
            <counter type="METHOD" missed="1" covered="0" />
            <counter type="CLASS" missed="1" covered="0" />
        </class>
        <class name="com/example/catanserver/businessLogic/services/GameServiceImpl"
            sourcefilename="GameServiceImpl.java">
            <method name="&lt;init&gt;" desc="()V" line="24">
                <counter type="INSTRUCTION" missed="7" covered="0" />
                <counter type="LINE" missed="3" covered="0" />
                <counter type="COMPLEXITY" missed="1" covered="0" />
                <counter type="METHOD" missed="1" covered="0" />
            </method>
            <method name="findObject"
                desc="(Ljava/lang/Integer;)Lcom/example/catanserver/businessLogic/model/GameImpl;"
                line="36">
                <counter type="INSTRUCTION" missed="21" covered="0" />
                <counter type="BRANCH" missed="4" covered="0" />
                <counter type="LINE" missed="5" covered="0" />
                <counter type="COMPLEXITY" missed="3" covered="0" />
                <counter type="METHOD" missed="1" covered="0" />
            </method>
            <method name="fetchAll" desc="()Ljava/util/ArrayList;" line="48">
                <counter type="INSTRUCTION" missed="3" covered="0" />
                <counter type="LINE" missed="1" covered="0" />
                <counter type="COMPLEXITY" missed="1" covered="0" />
                <counter type="METHOD" missed="1" covered="0" />
            </method>
            <method name="insert"
                desc="(Lcom/example/catanserver/businessLogic/model/GameImpl;)Lcom/example/catanserver/businessLogic/model/GameImpl;"
                line="59">
                <counter type="INSTRUCTION" missed="26" covered="0" />
                <counter type="LINE" missed="3" covered="0" />
                <counter type="COMPLEXITY" missed="1" covered="0" />
                <counter type="METHOD" missed="1" covered="0" />
            </method>
            <method name="delete" desc="(Ljava/lang/Integer;)V" line="71">
                <counter type="INSTRUCTION" missed="30" covered="0" />
                <counter type="BRANCH" missed="6" covered="0" />
                <counter type="LINE" missed="9" covered="0" />
                <counter type="COMPLEXITY" missed="4" covered="0" />
                <counter type="METHOD" missed="1" covered="0" />
            </method>
            <method name="update"
                desc="(Lcom/example/catanserver/businessLogic/model/GameImpl;)Lcom/example/catanserver/businessLogic/model/GameImpl;"
                line="92">
                <counter type="INSTRUCTION" missed="36" covered="0" />
                <counter type="BRANCH" missed="6" covered="0" />
                <counter type="LINE" missed="10" covered="0" />
                <counter type="COMPLEXITY" missed="4" covered="0" />
                <counter type="METHOD" missed="1" covered="0" />
            </method>
            <method name="findGameByPlayers"
                desc="(Ljava/util/ArrayList;)Lcom/example/catanserver/businessLogic/model/GameImpl;"
                line="115">
                <counter type="INSTRUCTION" missed="44" covered="0" />
                <counter type="BRANCH" missed="8" covered="0" />
                <counter type="LINE" missed="8" covered="0" />
                <counter type="COMPLEXITY" missed="5" covered="0" />
                <counter type="METHOD" missed="1" covered="0" />
            </method>
            <method name="findPlayerInGameByColor"
                desc="(Lcom/example/catanserver/businessLogic/model/Colors;Lcom/example/catanserver/businessLogic/model/GameImpl;)Lcom/example/catanserver/businessLogic/model/PlayerImpl;"
                line="139">
                <counter type="INSTRUCTION" missed="23" covered="0" />
                <counter type="BRANCH" missed="4" covered="0" />
                <counter type="LINE" missed="6" covered="0" />
                <counter type="COMPLEXITY" missed="3" covered="0" />
                <counter type="METHOD" missed="1" covered="0" />
            </method>
            <method name="getList" desc="(Ljava/lang/Integer;)Ljava/util/ArrayList;" line="156">
                <counter type="INSTRUCTION" missed="41" covered="0" />
                <counter type="BRANCH" missed="4" covered="0" />
                <counter type="LINE" missed="9" covered="0" />
                <counter type="COMPLEXITY" missed="3" covered="0" />
                <counter type="METHOD" missed="1" covered="0" />
            </method>
            <counter type="INSTRUCTION" missed="231" covered="0" />
            <counter type="BRANCH" missed="32" covered="0" />
            <counter type="LINE" missed="54" covered="0" />
            <counter type="COMPLEXITY" missed="25" covered="0" />
            <counter type="METHOD" missed="9" covered="0" />
            <counter type="CLASS" missed="1" covered="0" />
        </class>
        <class name="com/example/catanserver/businessLogic/services/PlayerService"
            sourcefilename="PlayerService.java" />
        <class name="com/example/catanserver/businessLogic/services/UserService"
            sourcefilename="UserService.java" />
        <class name="com/example/catanserver/businessLogic/services/GameService"
            sourcefilename="GameService.java" />
        <sourcefile name="GameService.java" />
        <sourcefile name="GameServiceImpl.java">
            <line nr="24" mi="2" ci="0" mb="0" cb="0" />
            <line nr="25" mi="4" ci="0" mb="0" cb="0" />
            <line nr="26" mi="1" ci="0" mb="0" cb="0" />
            <line nr="36" mi="11" ci="0" mb="2" cb="0" />
            <line nr="37" mi="5" ci="0" mb="2" cb="0" />
            <line nr="38" mi="2" ci="0" mb="0" cb="0" />
            <line nr="40" mi="1" ci="0" mb="0" cb="0" />
            <line nr="41" mi="2" ci="0" mb="0" cb="0" />
            <line nr="48" mi="3" ci="0" mb="0" cb="0" />
            <line nr="59" mi="19" ci="0" mb="0" cb="0" />
            <line nr="60" mi="5" ci="0" mb="0" cb="0" />
            <line nr="61" mi="2" ci="0" mb="0" cb="0" />
            <line nr="71" mi="2" ci="0" mb="0" cb="0" />
            <line nr="72" mi="11" ci="0" mb="2" cb="0" />
            <line nr="73" mi="5" ci="0" mb="2" cb="0" />
            <line nr="74" mi="2" ci="0" mb="0" cb="0" />
            <line nr="75" mi="1" ci="0" mb="0" cb="0" />
            <line nr="77" mi="1" ci="0" mb="0" cb="0" />
            <line nr="78" mi="2" ci="0" mb="2" cb="0" />
            <line nr="79" mi="5" ci="0" mb="0" cb="0" />
            <line nr="81" mi="1" ci="0" mb="0" cb="0" />
            <line nr="92" mi="2" ci="0" mb="0" cb="0" />
            <line nr="93" mi="11" ci="0" mb="2" cb="0" />
            <line nr="94" mi="5" ci="0" mb="2" cb="0" />
            <line nr="95" mi="2" ci="0" mb="0" cb="0" />
            <line nr="96" mi="1" ci="0" mb="0" cb="0" />
            <line nr="98" mi="1" ci="0" mb="0" cb="0" />
            <line nr="99" mi="2" ci="0" mb="2" cb="0" />
            <line nr="100" mi="5" ci="0" mb="0" cb="0" />
            <line nr="102" mi="5" ci="0" mb="0" cb="0" />
            <line nr="103" mi="2" ci="0" mb="0" cb="0" />
            <line nr="115" mi="11" ci="0" mb="2" cb="0" />
            <line nr="116" mi="3" ci="0" mb="0" cb="0" />
            <line nr="118" mi="12" ci="0" mb="4" cb="0" />
            <line nr="119" mi="6" ci="0" mb="0" cb="0" />
            <line nr="121" mi="7" ci="0" mb="2" cb="0" />
            <line nr="122" mi="2" ci="0" mb="0" cb="0" />
            <line nr="125" mi="1" ci="0" mb="0" cb="0" />
            <line nr="126" mi="2" ci="0" mb="0" cb="0" />
            <line nr="139" mi="3" ci="0" mb="0" cb="0" />
            <line nr="141" mi="10" ci="0" mb="2" cb="0" />
            <line nr="143" mi="5" ci="0" mb="2" cb="0" />
            <line nr="144" mi="2" ci="0" mb="0" cb="0" />
            <line nr="146" mi="1" ci="0" mb="0" cb="0" />
            <line nr="147" mi="2" ci="0" mb="0" cb="0" />
            <line nr="156" mi="4" ci="0" mb="0" cb="0" />
            <line nr="157" mi="4" ci="0" mb="0" cb="0" />
            <line nr="159" mi="5" ci="0" mb="0" cb="0" />
            <line nr="161" mi="11" ci="0" mb="2" cb="0" />
            <line nr="162" mi="5" ci="0" mb="0" cb="0" />
            <line nr="163" mi="3" ci="0" mb="2" cb="0" />
            <line nr="164" mi="6" ci="0" mb="0" cb="0" />
            <line nr="166" mi="1" ci="0" mb="0" cb="0" />
            <line nr="168" mi="2" ci="0" mb="0" cb="0" />
            <counter type="INSTRUCTION" missed="231" covered="0" />
            <counter type="BRANCH" missed="32" covered="0" />
            <counter type="LINE" missed="54" covered="0" />
            <counter type="COMPLEXITY" missed="25" covered="0" />
            <counter type="METHOD" missed="9" covered="0" />
            <counter type="CLASS" missed="1" covered="0" />
        </sourcefile>
        <sourcefile name="UserService.java" />
        <sourcefile name="PlayerServiceImpl.java">
            <line nr="15" mi="3" ci="0" mb="0" cb="0" />
            <line nr="25" mi="11" ci="0" mb="2" cb="0" />
            <line nr="26" mi="5" ci="0" mb="2" cb="0" />
            <line nr="27" mi="2" ci="0" mb="0" cb="0" />
            <line nr="29" mi="1" ci="0" mb="0" cb="0" />
            <line nr="30" mi="2" ci="0" mb="0" cb="0" />
            <line nr="37" mi="3" ci="0" mb="0" cb="0" />
            <line nr="48" mi="4" ci="0" mb="0" cb="0" />
            <line nr="49" mi="5" ci="0" mb="0" cb="0" />
            <line nr="50" mi="2" ci="0" mb="0" cb="0" />
            <line nr="60" mi="2" ci="0" mb="0" cb="0" />
            <line nr="61" mi="11" ci="0" mb="2" cb="0" />
            <line nr="62" mi="5" ci="0" mb="2" cb="0" />
            <line nr="63" mi="2" ci="0" mb="0" cb="0" />
            <line nr="64" mi="1" ci="0" mb="0" cb="0" />
            <line nr="66" mi="1" ci="0" mb="0" cb="0" />
            <line nr="67" mi="2" ci="0" mb="2" cb="0" />
            <line nr="68" mi="5" ci="0" mb="0" cb="0" />
            <line nr="70" mi="1" ci="0" mb="0" cb="0" />
            <line nr="81" mi="2" ci="0" mb="0" cb="0" />
            <line nr="82" mi="11" ci="0" mb="2" cb="0" />
            <line nr="83" mi="5" ci="0" mb="2" cb="0" />
            <line nr="84" mi="2" ci="0" mb="0" cb="0" />
            <line nr="85" mi="1" ci="0" mb="0" cb="0" />
            <line nr="87" mi="1" ci="0" mb="0" cb="0" />
            <line nr="88" mi="2" ci="0" mb="2" cb="0" />
            <line nr="89" mi="5" ci="0" mb="0" cb="0" />
            <line nr="91" mi="5" ci="0" mb="0" cb="0" />
            <line nr="92" mi="2" ci="0" mb="0" cb="0" />
            <line nr="103" mi="11" ci="0" mb="2" cb="0" />
            <line nr="104" mi="5" ci="0" mb="2" cb="0" />
            <line nr="105" mi="2" ci="0" mb="0" cb="0" />
            <line nr="107" mi="1" ci="0" mb="0" cb="0" />
            <line nr="108" mi="2" ci="0" mb="0" cb="0" />
            <line nr="119" mi="11" ci="0" mb="2" cb="0" />
            <line nr="120" mi="5" ci="0" mb="2" cb="0" />
            <line nr="121" mi="2" ci="0" mb="0" cb="0" />
            <line nr="123" mi="1" ci="0" mb="0" cb="0" />
            <line nr="124" mi="2" ci="0" mb="0" cb="0" />
            <line nr="131" mi="4" ci="0" mb="0" cb="0" />
            <line nr="133" mi="11" ci="0" mb="2" cb="0" />
            <line nr="134" mi="5" ci="0" mb="0" cb="0" />
            <line nr="135" mi="1" ci="0" mb="0" cb="0" />
            <line nr="136" mi="2" ci="0" mb="0" cb="0" />
            <counter type="INSTRUCTION" missed="169" covered="0" />
            <counter type="BRANCH" missed="26" covered="0" />
            <counter type="LINE" missed="44" covered="0" />
            <counter type="COMPLEXITY" missed="22" covered="0" />
            <counter type="METHOD" missed="9" covered="0" />
            <counter type="CLASS" missed="1" covered="0" />
        </sourcefile>
        <sourcefile name="UserServiceImpl.java">
            <line nr="20" mi="2" ci="0" mb="0" cb="0" />
            <line nr="21" mi="4" ci="0" mb="0" cb="0" />
            <line nr="22" mi="1" ci="0" mb="0" cb="0" />
            <line nr="32" mi="11" ci="0" mb="2" cb="0" />
            <line nr="33" mi="5" ci="0" mb="2" cb="0" />
            <line nr="34" mi="2" ci="0" mb="0" cb="0" />
            <line nr="36" mi="1" ci="0" mb="0" cb="0" />
            <line nr="37" mi="2" ci="0" mb="0" cb="0" />
            <line nr="44" mi="3" ci="0" mb="0" cb="0" />
            <line nr="55" mi="19" ci="0" mb="0" cb="0" />
            <line nr="56" mi="5" ci="0" mb="0" cb="0" />
            <line nr="57" mi="2" ci="0" mb="0" cb="0" />
            <line nr="67" mi="2" ci="0" mb="0" cb="0" />
            <line nr="69" mi="11" ci="0" mb="2" cb="0" />
            <line nr="70" mi="5" ci="0" mb="2" cb="0" />
            <line nr="71" mi="2" ci="0" mb="0" cb="0" />
            <line nr="72" mi="1" ci="0" mb="0" cb="0" />
            <line nr="74" mi="1" ci="0" mb="0" cb="0" />
            <line nr="75" mi="2" ci="0" mb="2" cb="0" />
            <line nr="76" mi="5" ci="0" mb="0" cb="0" />
            <line nr="78" mi="1" ci="0" mb="0" cb="0" />
            <line nr="89" mi="2" ci="0" mb="0" cb="0" />
            <line nr="90" mi="11" ci="0" mb="2" cb="0" />
            <line nr="91" mi="5" ci="0" mb="2" cb="0" />
            <line nr="92" mi="2" ci="0" mb="0" cb="0" />
            <line nr="93" mi="1" ci="0" mb="0" cb="0" />
            <line nr="95" mi="1" ci="0" mb="0" cb="0" />
            <line nr="96" mi="2" ci="0" mb="2" cb="0" />
            <line nr="97" mi="5" ci="0" mb="0" cb="0" />
            <line nr="99" mi="5" ci="0" mb="0" cb="0" />
            <line nr="100" mi="2" ci="0" mb="0" cb="0" />
            <line nr="111" mi="11" ci="0" mb="2" cb="0" />
            <line nr="112" mi="5" ci="0" mb="2" cb="0" />
            <line nr="113" mi="2" ci="0" mb="0" cb="0" />
            <line nr="115" mi="1" ci="0" mb="0" cb="0" />
            <line nr="116" mi="2" ci="0" mb="0" cb="0" />
            <line nr="127" mi="11" ci="0" mb="2" cb="0" />
            <line nr="128" mi="5" ci="0" mb="2" cb="0" />
            <line nr="129" mi="2" ci="0" mb="0" cb="0" />
            <line nr="131" mi="1" ci="0" mb="0" cb="0" />
            <line nr="132" mi="2" ci="0" mb="0" cb="0" />
            <line nr="140" mi="4" ci="0" mb="0" cb="0" />
            <line nr="142" mi="11" ci="0" mb="2" cb="0" />
            <line nr="143" mi="5" ci="0" mb="0" cb="0" />
            <line nr="144" mi="1" ci="0" mb="0" cb="0" />
            <line nr="145" mi="2" ci="0" mb="0" cb="0" />
            <counter type="INSTRUCTION" missed="188" covered="0" />
            <counter type="BRANCH" missed="26" covered="0" />
            <counter type="LINE" missed="46" covered="0" />
            <counter type="COMPLEXITY" missed="22" covered="0" />
            <counter type="METHOD" missed="9" covered="0" />
            <counter type="CLASS" missed="1" covered="0" />
        </sourcefile>
        <sourcefile name="PlayerService.java" />
        <sourcefile name="ServiceImpl.java">
            <line nr="12" mi="2" ci="0" mb="0" cb="0" />
            <line nr="14" mi="6" ci="0" mb="0" cb="0" />
            <counter type="INSTRUCTION" missed="8" covered="0" />
            <counter type="LINE" missed="2" covered="0" />
            <counter type="COMPLEXITY" missed="1" covered="0" />
            <counter type="METHOD" missed="1" covered="0" />
            <counter type="CLASS" missed="1" covered="0" />
        </sourcefile>
        <sourcefile name="Service.java" />
        <counter type="INSTRUCTION" missed="596" covered="0" />
        <counter type="BRANCH" missed="84" covered="0" />
        <counter type="LINE" missed="146" covered="0" />
        <counter type="COMPLEXITY" missed="70" covered="0" />
        <counter type="METHOD" missed="28" covered="0" />
        <counter type="CLASS" missed="4" covered="0" />
    </package>
    <package name="com/example/catanserver/businessLogic">
        <class name="com/example/catanserver/businessLogic/PlayerOps"
            sourcefilename="PlayerOps.java">
            <method name="&lt;init&gt;"
                desc="(Lcom/example/catanserver/businessLogic/services/UserServiceImpl;Lcom/example/catanserver/businessLogic/services/PlayerServiceImpl;Lcom/example/catanserver/businessLogic/services/GameServiceImpl;)V"
                line="23">
                <counter type="INSTRUCTION" missed="9" covered="0" />
                <counter type="LINE" missed="5" covered="0" />
                <counter type="COMPLEXITY" missed="1" covered="0" />
                <counter type="METHOD" missed="1" covered="0" />
            </method>
            <method name="startGame" desc="(Ljava/util/List;)Ljava/util/ArrayList;" line="32">
                <counter type="INSTRUCTION" missed="63" covered="0" />
                <counter type="BRANCH" missed="2" covered="0" />
                <counter type="LINE" missed="12" covered="0" />
                <counter type="COMPLEXITY" missed="2" covered="0" />
                <counter type="METHOD" missed="1" covered="0" />
            </method>
            <method name="setColor" desc="(Ljava/util/Map;)Ljava/util/ArrayList;" line="55">
                <counter type="INSTRUCTION" missed="77" covered="0" />
                <counter type="BRANCH" missed="4" covered="0" />
                <counter type="LINE" missed="13" covered="0" />
                <counter type="COMPLEXITY" missed="3" covered="0" />
                <counter type="METHOD" missed="1" covered="0" />
            </method>
            <method name="checkIfIn" desc="(Ljava/lang/String;)Ljava/util/ArrayList;" line="77">
                <counter type="INSTRUCTION" missed="41" covered="0" />
                <counter type="BRANCH" missed="6" covered="0" />
                <counter type="LINE" missed="9" covered="0" />
                <counter type="COMPLEXITY" missed="4" covered="0" />
                <counter type="METHOD" missed="1" covered="0" />
            </method>
            <method name="checkColors" desc="(Ljava/lang/Integer;)Ljava/util/Map;" line="92">
                <counter type="INSTRUCTION" missed="47" covered="0" />
                <counter type="BRANCH" missed="4" covered="0" />
                <counter type="LINE" missed="9" covered="0" />
                <counter type="COMPLEXITY" missed="3" covered="0" />
                <counter type="METHOD" missed="1" covered="0" />
            </method>
            <counter type="INSTRUCTION" missed="237" covered="0" />
            <counter type="BRANCH" missed="16" covered="0" />
            <counter type="LINE" missed="48" covered="0" />
            <counter type="COMPLEXITY" missed="13" covered="0" />
            <counter type="METHOD" missed="5" covered="0" />
            <counter type="CLASS" missed="1" covered="0" />
        </class>
        <class name="com/example/catanserver/businessLogic/Server" sourcefilename="Server.java">
            <method name="&lt;init&gt;" desc="()V" line="10">
                <counter type="INSTRUCTION" missed="3" covered="0" />
                <counter type="LINE" missed="1" covered="0" />
                <counter type="COMPLEXITY" missed="1" covered="0" />
                <counter type="METHOD" missed="1" covered="0" />
            </method>
            <method name="main" desc="([Ljava/lang/String;)V" line="21">
                <counter type="INSTRUCTION" missed="51" covered="0" />
                <counter type="BRANCH" missed="2" covered="0" />
                <counter type="LINE" missed="15" covered="0" />
                <counter type="COMPLEXITY" missed="2" covered="0" />
                <counter type="METHOD" missed="1" covered="0" />
            </method>
            <method name="&lt;clinit&gt;" desc="()V" line="13">
                <counter type="INSTRUCTION" missed="5" covered="0" />
                <counter type="LINE" missed="1" covered="0" />
                <counter type="COMPLEXITY" missed="1" covered="0" />
                <counter type="METHOD" missed="1" covered="0" />
            </method>
            <counter type="INSTRUCTION" missed="59" covered="0" />
            <counter type="BRANCH" missed="2" covered="0" />
            <counter type="LINE" missed="17" covered="0" />
            <counter type="COMPLEXITY" missed="4" covered="0" />
            <counter type="METHOD" missed="3" covered="0" />
            <counter type="CLASS" missed="1" covered="0" />
        </class>
        <class name="com/example/catanserver/businessLogic/ServerThread"
            sourcefilename="ServerThread.java">
            <method name="&lt;init&gt;"
                desc="(Ljava/net/Socket;Ljava/io/ObjectInputStream;Ljava/io/ObjectOutputStream;)V"
                line="21">
                <counter type="INSTRUCTION" missed="36" covered="0" />
                <counter type="LINE" missed="9" covered="0" />
                <counter type="COMPLEXITY" missed="1" covered="0" />
                <counter type="METHOD" missed="1" covered="0" />
            </method>
            <method name="run" desc="()V" line="40">
                <counter type="INSTRUCTION" missed="245" covered="0" />
                <counter type="BRANCH" missed="10" covered="0" />
                <counter type="LINE" missed="63" covered="0" />
                <counter type="COMPLEXITY" missed="10" covered="0" />
                <counter type="METHOD" missed="1" covered="0" />
            </method>
            <method name="&lt;clinit&gt;" desc="()V" line="18">
                <counter type="INSTRUCTION" missed="13" covered="0" />
                <counter type="LINE" missed="3" covered="0" />
                <counter type="COMPLEXITY" missed="1" covered="0" />
                <counter type="METHOD" missed="1" covered="0" />
            </method>
            <counter type="INSTRUCTION" missed="294" covered="0" />
            <counter type="BRANCH" missed="10" covered="0" />
            <counter type="LINE" missed="75" covered="0" />
            <counter type="COMPLEXITY" missed="12" covered="0" />
            <counter type="METHOD" missed="3" covered="0" />
            <counter type="CLASS" missed="1" covered="0" />
        </class>
        <class name="com/example/catanserver/businessLogic/UserOps" sourcefilename="UserOps.java">
            <method name="&lt;init&gt;"
                desc="(Lcom/example/catanserver/businessLogic/services/UserServiceImpl;)V"
                line="12">
                <counter type="INSTRUCTION" missed="5" covered="0" />
                <counter type="LINE" missed="3" covered="0" />
                <counter type="COMPLEXITY" missed="1" covered="0" />
                <counter type="METHOD" missed="1" covered="0" />
            </method>
            <method name="updateUserList"
                desc="(Ljava/lang/String;Ljava/lang/String;)Ljava/util/ArrayList;" line="18">
                <counter type="INSTRUCTION" missed="27" covered="0" />
                <counter type="BRANCH" missed="2" covered="0" />
                <counter type="LINE" missed="8" covered="0" />
                <counter type="COMPLEXITY" missed="2" covered="0" />
                <counter type="METHOD" missed="1" covered="0" />
            </method>
            <method name="updateUserList" desc="(I)Ljava/util/ArrayList;" line="33">
                <counter type="INSTRUCTION" missed="22" covered="0" />
                <counter type="BRANCH" missed="2" covered="0" />
                <counter type="LINE" missed="4" covered="0" />
                <counter type="COMPLEXITY" missed="2" covered="0" />
                <counter type="METHOD" missed="1" covered="0" />
            </method>
            <counter type="INSTRUCTION" missed="54" covered="0" />
            <counter type="BRANCH" missed="4" covered="0" />
            <counter type="LINE" missed="15" covered="0" />
            <counter type="COMPLEXITY" missed="5" covered="0" />
            <counter type="METHOD" missed="3" covered="0" />
            <counter type="CLASS" missed="1" covered="0" />
        </class>
        <sourcefile name="UserOps.java">
            <line nr="12" mi="2" ci="0" mb="0" cb="0" />
            <line nr="13" mi="2" ci="0" mb="0" cb="0" />
            <line nr="14" mi="1" ci="0" mb="0" cb="0" />
            <line nr="18" mi="4" ci="0" mb="0" cb="0" />
            <line nr="20" mi="2" ci="0" mb="2" cb="0" />
            <line nr="21" mi="6" ci="0" mb="0" cb="0" />
            <line nr="22" mi="4" ci="0" mb="0" cb="0" />
            <line nr="23" mi="1" ci="0" mb="0" cb="0" />
            <line nr="24" mi="3" ci="0" mb="0" cb="0" />
            <line nr="25" mi="4" ci="0" mb="0" cb="0" />
            <line nr="28" mi="3" ci="0" mb="0" cb="0" />
            <line nr="33" mi="5" ci="0" mb="2" cb="0" />
            <line nr="34" mi="12" ci="0" mb="0" cb="0" />
            <line nr="35" mi="2" ci="0" mb="0" cb="0" />
            <line nr="37" mi="3" ci="0" mb="0" cb="0" />
            <counter type="INSTRUCTION" missed="54" covered="0" />
            <counter type="BRANCH" missed="4" covered="0" />
            <counter type="LINE" missed="15" covered="0" />
            <counter type="COMPLEXITY" missed="5" covered="0" />
            <counter type="METHOD" missed="3" covered="0" />
            <counter type="CLASS" missed="1" covered="0" />
        </sourcefile>
        <sourcefile name="Server.java">
            <line nr="10" mi="3" ci="0" mb="0" cb="0" />
            <line nr="13" mi="5" ci="0" mb="0" cb="0" />
            <line nr="21" mi="5" ci="0" mb="0" cb="0" />
            <line nr="22" mi="3" ci="0" mb="0" cb="0" />
            <line nr="25" mi="3" ci="0" mb="0" cb="0" />
            <line nr="26" mi="2" ci="0" mb="2" cb="0" />
            <line nr="27" mi="3" ci="0" mb="0" cb="0" />
            <line nr="29" mi="6" ci="0" mb="0" cb="0" />
            <line nr="30" mi="6" ci="0" mb="0" cb="0" />
            <line nr="31" mi="7" ci="0" mb="0" cb="0" />
            <line nr="33" mi="5" ci="0" mb="0" cb="0" />
            <line nr="34" mi="4" ci="0" mb="0" cb="0" />
            <line nr="36" mi="2" ci="0" mb="0" cb="0" />
            <line nr="37" mi="1" ci="0" mb="0" cb="0" />
            <line nr="39" mi="1" ci="0" mb="0" cb="0" />
            <line nr="40" mi="2" ci="0" mb="0" cb="0" />
            <line nr="42" mi="1" ci="0" mb="0" cb="0" />
            <counter type="INSTRUCTION" missed="59" covered="0" />
            <counter type="BRANCH" missed="2" covered="0" />
            <counter type="LINE" missed="17" covered="0" />
            <counter type="COMPLEXITY" missed="4" covered="0" />
            <counter type="METHOD" missed="3" covered="0" />
            <counter type="CLASS" missed="1" covered="0" />
        </sourcefile>
        <sourcefile name="PlayerOps.java">
            <line nr="23" mi="2" ci="0" mb="0" cb="0" />
            <line nr="24" mi="2" ci="0" mb="0" cb="0" />
            <line nr="25" mi="2" ci="0" mb="0" cb="0" />
            <line nr="26" mi="2" ci="0" mb="0" cb="0" />
            <line nr="28" mi="1" ci="0" mb="0" cb="0" />
            <line nr="32" mi="4" ci="0" mb="0" cb="0" />
            <line nr="36" mi="10" ci="0" mb="2" cb="0" />
            <line nr="38" mi="4" ci="0" mb="0" cb="0" />
            <line nr="39" mi="9" ci="0" mb="0" cb="0" />
            <line nr="40" mi="4" ci="0" mb="0" cb="0" />
            <line nr="41" mi="5" ci="0" mb="0" cb="0" />
            <line nr="42" mi="3" ci="0" mb="0" cb="0" />
            <line nr="43" mi="1" ci="0" mb="0" cb="0" />
            <line nr="45" mi="3" ci="0" mb="0" cb="0" />
            <line nr="46" mi="10" ci="0" mb="0" cb="0" />
            <line nr="47" mi="4" ci="0" mb="0" cb="0" />
            <line nr="49" mi="6" ci="0" mb="0" cb="0" />
            <line nr="55" mi="2" ci="0" mb="0" cb="0" />
            <line nr="57" mi="11" ci="0" mb="2" cb="0" />
            <line nr="58" mi="12" ci="0" mb="0" cb="0" />
            <line nr="59" mi="6" ci="0" mb="0" cb="0" />
            <line nr="60" mi="10" ci="0" mb="0" cb="0" />
            <line nr="61" mi="1" ci="0" mb="0" cb="0" />
            <line nr="63" mi="11" ci="0" mb="2" cb="0" />
            <line nr="65" mi="6" ci="0" mb="0" cb="0" />
            <line nr="66" mi="6" ci="0" mb="0" cb="0" />
            <line nr="67" mi="3" ci="0" mb="0" cb="0" />
            <line nr="69" mi="4" ci="0" mb="0" cb="0" />
            <line nr="70" mi="1" ci="0" mb="0" cb="0" />
            <line nr="72" mi="4" ci="0" mb="0" cb="0" />
            <line nr="77" mi="3" ci="0" mb="0" cb="0" />
            <line nr="79" mi="10" ci="0" mb="2" cb="0" />
            <line nr="80" mi="3" ci="0" mb="0" cb="0" />
            <line nr="81" mi="10" ci="0" mb="2" cb="0" />
            <line nr="82" mi="5" ci="0" mb="2" cb="0" />
            <line nr="83" mi="6" ci="0" mb="0" cb="0" />
            <line nr="85" mi="1" ci="0" mb="0" cb="0" />
            <line nr="86" mi="1" ci="0" mb="0" cb="0" />
            <line nr="87" mi="2" ci="0" mb="0" cb="0" />
            <line nr="92" mi="4" ci="0" mb="0" cb="0" />
            <line nr="94" mi="4" ci="0" mb="0" cb="0" />
            <line nr="95" mi="3" ci="0" mb="0" cb="0" />
            <line nr="97" mi="10" ci="0" mb="2" cb="0" />
            <line nr="98" mi="11" ci="0" mb="0" cb="0" />
            <line nr="99" mi="3" ci="0" mb="2" cb="0" />
            <line nr="100" mi="9" ci="0" mb="0" cb="0" />
            <line nr="102" mi="1" ci="0" mb="0" cb="0" />
            <line nr="104" mi="2" ci="0" mb="0" cb="0" />
            <counter type="INSTRUCTION" missed="237" covered="0" />
            <counter type="BRANCH" missed="16" covered="0" />
            <counter type="LINE" missed="48" covered="0" />
            <counter type="COMPLEXITY" missed="13" covered="0" />
            <counter type="METHOD" missed="5" covered="0" />
            <counter type="CLASS" missed="1" covered="0" />
        </sourcefile>
        <sourcefile name="ServerThread.java">
            <line nr="18" mi="4" ci="0" mb="0" cb="0" />
            <line nr="19" mi="4" ci="0" mb="0" cb="0" />
            <line nr="20" mi="5" ci="0" mb="0" cb="0" />
            <line nr="21" mi="6" ci="0" mb="0" cb="0" />
            <line nr="22" mi="8" ci="0" mb="0" cb="0" />
            <line nr="28" mi="5" ci="0" mb="0" cb="0" />
            <line nr="30" mi="2" ci="0" mb="0" cb="0" />
            <line nr="31" mi="3" ci="0" mb="0" cb="0" />
            <line nr="32" mi="5" ci="0" mb="0" cb="0" />
            <line nr="33" mi="3" ci="0" mb="0" cb="0" />
            <line nr="34" mi="3" ci="0" mb="0" cb="0" />
            <line nr="35" mi="1" ci="0" mb="0" cb="0" />
            <line nr="40" mi="3" ci="0" mb="0" cb="0" />
            <line nr="45" mi="4" ci="0" mb="0" cb="0" />
            <line nr="47" mi="5" ci="0" mb="0" cb="0" />
            <line nr="52" mi="3" ci="0" mb="0" cb="0" />
            <line nr="54" mi="8" ci="0" mb="10" cb="0" />
            <line nr="56" mi="3" ci="0" mb="0" cb="0" />
            <line nr="57" mi="4" ci="0" mb="0" cb="0" />
            <line nr="58" mi="3" ci="0" mb="0" cb="0" />
            <line nr="59" mi="7" ci="0" mb="0" cb="0" />
            <line nr="60" mi="1" ci="0" mb="0" cb="0" />
            <line nr="62" mi="3" ci="0" mb="0" cb="0" />
            <line nr="63" mi="4" ci="0" mb="0" cb="0" />
            <line nr="64" mi="3" ci="0" mb="0" cb="0" />
            <line nr="65" mi="3" ci="0" mb="0" cb="0" />
            <line nr="66" mi="6" ci="0" mb="0" cb="0" />
            <line nr="67" mi="1" ci="0" mb="0" cb="0" />
            <line nr="69" mi="3" ci="0" mb="0" cb="0" />
            <line nr="71" mi="5" ci="0" mb="0" cb="0" />
            <line nr="72" mi="6" ci="0" mb="0" cb="0" />
            <line nr="73" mi="1" ci="0" mb="0" cb="0" />
            <line nr="75" mi="3" ci="0" mb="0" cb="0" />
            <line nr="76" mi="4" ci="0" mb="0" cb="0" />
            <line nr="77" mi="6" ci="0" mb="0" cb="0" />
            <line nr="78" mi="1" ci="0" mb="0" cb="0" />
            <line nr="80" mi="3" ci="0" mb="0" cb="0" />
            <line nr="82" mi="5" ci="0" mb="0" cb="0" />
            <line nr="83" mi="6" ci="0" mb="0" cb="0" />
            <line nr="84" mi="1" ci="0" mb="0" cb="0" />
[...]
                <counter type="INSTRUCTION" missed="16" covered="0" />
                <counter type="LINE" missed="4" covered="0" />
                <counter type="COMPLEXITY" missed="1" covered="0" />
                <counter type="METHOD" missed="1" covered="0" />
            </method>
            <method name="getGameId" desc="()I" line="38">
                <counter type="INSTRUCTION" missed="3" covered="0" />
                <counter type="LINE" missed="1" covered="0" />
                <counter type="COMPLEXITY" missed="1" covered="0" />
                <counter type="METHOD" missed="1" covered="0" />
            </method>
            <method name="setGameId" desc="(I)V" line="42">
                <counter type="INSTRUCTION" missed="4" covered="0" />
                <counter type="LINE" missed="2" covered="0" />
                <counter type="COMPLEXITY" missed="1" covered="0" />
                <counter type="METHOD" missed="1" covered="0" />
            </method>
            <method name="getPlayers" desc="()Ljava/util/List;" line="46">
                <counter type="INSTRUCTION" missed="3" covered="0" />
                <counter type="LINE" missed="1" covered="0" />
                <counter type="COMPLEXITY" missed="1" covered="0" />
                <counter type="METHOD" missed="1" covered="0" />
            </method>
            <method name="setPlayers" desc="(Ljava/util/List;)V" line="50">
                <counter type="INSTRUCTION" missed="4" covered="0" />
                <counter type="LINE" missed="2" covered="0" />
                <counter type="COMPLEXITY" missed="1" covered="0" />
                <counter type="METHOD" missed="1" covered="0" />
            </method>
            <method name="setPlayer"
                desc="(Lcom/example/catanserver/businessLogic/model/PlayerImpl;)V" line="54">
                <counter type="INSTRUCTION" missed="6" covered="0" />
                <counter type="LINE" missed="2" covered="0" />
                <counter type="COMPLEXITY" missed="1" covered="0" />
                <counter type="METHOD" missed="1" covered="0" />
            </method>
            <method name="getGameboard"
                desc="()Lcom/example/catanserver/businessLogic/model/gameboard/Gameboard;"
                line="58">
                <counter type="INSTRUCTION" missed="3" covered="0" />
                <counter type="LINE" missed="1" covered="0" />
                <counter type="COMPLEXITY" missed="1" covered="0" />
                <counter type="METHOD" missed="1" covered="0" />
            </method>
            <method name="getRoads" desc="()Ljava/util/LinkedList;" line="62">
                <counter type="INSTRUCTION" missed="3" covered="0" />
                <counter type="LINE" missed="1" covered="0" />
                <counter type="COMPLEXITY" missed="1" covered="0" />
                <counter type="METHOD" missed="1" covered="0" />
            </method>
            <method name="getSettlements" desc="()Ljava/util/LinkedList;" line="66">
                <counter type="INSTRUCTION" missed="3" covered="0" />
                <counter type="LINE" missed="1" covered="0" />
                <counter type="COMPLEXITY" missed="1" covered="0" />
                <counter type="METHOD" missed="1" covered="0" />
            </method>
            <method name="getCities" desc="()Ljava/util/LinkedList;" line="70">
                <counter type="INSTRUCTION" missed="3" covered="0" />
                <counter type="LINE" missed="1" covered="0" />
                <counter type="COMPLEXITY" missed="1" covered="0" />
                <counter type="METHOD" missed="1" covered="0" />
            </method>
            <method name="addRoad"
                desc="(Lcom/example/catanserver/businessLogic/model/gameboard/Edge;)V" line="74">
                <counter type="INSTRUCTION" missed="6" covered="0" />
                <counter type="LINE" missed="2" covered="0" />
                <counter type="COMPLEXITY" missed="1" covered="0" />
                <counter type="METHOD" missed="1" covered="0" />
            </method>
            <method name="addSettlement"
                desc="(Lcom/example/catanserver/businessLogic/model/gameboard/Knot;)V" line="78">
                <counter type="INSTRUCTION" missed="6" covered="0" />
                <counter type="LINE" missed="2" covered="0" />
                <counter type="COMPLEXITY" missed="1" covered="0" />
                <counter type="METHOD" missed="1" covered="0" />
            </method>
            <method name="addCity"
                desc="(Lcom/example/catanserver/businessLogic/model/gameboard/Knot;)V" line="82">
                <counter type="INSTRUCTION" missed="11" covered="0" />
                <counter type="LINE" missed="3" covered="0" />
                <counter type="COMPLEXITY" missed="1" covered="0" />
                <counter type="METHOD" missed="1" covered="0" />
            </method>
            <method name="nextPlayer" desc="()V" line="87">
                <counter type="INSTRUCTION" missed="19" covered="0" />
                <counter type="BRANCH" missed="2" covered="0" />
                <counter type="LINE" missed="4" covered="0" />
                <counter type="COMPLEXITY" missed="2" covered="0" />
                <counter type="METHOD" missed="1" covered="0" />
            </method>
            <method name="&lt;clinit&gt;" desc="()V" line="21">
                <counter type="INSTRUCTION" missed="3" covered="0" />
                <counter type="LINE" missed="1" covered="0" />
                <counter type="COMPLEXITY" missed="1" covered="0" />
                <counter type="METHOD" missed="1" covered="0" />
            </method>
            <counter type="INSTRUCTION" missed="93" covered="0" />
            <counter type="BRANCH" missed="2" covered="0" />
            <counter type="LINE" missed="28" covered="0" />
            <counter type="COMPLEXITY" missed="16" covered="0" />
            <counter type="METHOD" missed="15" covered="0" />
            <counter type="CLASS" missed="1" covered="0" />
        </class>
        <class name="com/example/catanserver/businessLogic/model/User" sourcefilename="User.java" />
        <class name="com/example/catanserver/businessLogic/model/Player"
            sourcefilename="Player.java" />
        <class name="com/example/catanserver/businessLogic/model/Game" sourcefilename="Game.java" />
        <class name="com/example/catanserver/businessLogic/model/UserImpl"
            sourcefilename="UserImpl.java">
            <method name="&lt;init&gt;" desc="(Ljava/lang/String;Ljava/lang/String;)V" line="18">
                <counter type="INSTRUCTION" missed="0" covered="9" />
                <counter type="LINE" missed="0" covered="4" />
                <counter type="COMPLEXITY" missed="0" covered="1" />
                <counter type="METHOD" missed="0" covered="1" />
            </method>
            <method name="getUserId" desc="()I" line="25">
                <counter type="INSTRUCTION" missed="3" covered="0" />
                <counter type="LINE" missed="1" covered="0" />
                <counter type="COMPLEXITY" missed="1" covered="0" />
                <counter type="METHOD" missed="1" covered="0" />
            </method>
            <method name="setUserId" desc="(I)V" line="29">
                <counter type="INSTRUCTION" missed="0" covered="4" />
                <counter type="LINE" missed="0" covered="2" />
                <counter type="COMPLEXITY" missed="0" covered="1" />
                <counter type="METHOD" missed="0" covered="1" />
            </method>
            <method name="getDisplayName" desc="()Ljava/lang/String;" line="33">
                <counter type="INSTRUCTION" missed="3" covered="0" />
                <counter type="LINE" missed="1" covered="0" />
                <counter type="COMPLEXITY" missed="1" covered="0" />
                <counter type="METHOD" missed="1" covered="0" />
            </method>
            <method name="setDisplayName" desc="(Ljava/lang/String;)V" line="37">
                <counter type="INSTRUCTION" missed="4" covered="0" />
                <counter type="LINE" missed="2" covered="0" />
                <counter type="COMPLEXITY" missed="1" covered="0" />
                <counter type="METHOD" missed="1" covered="0" />
            </method>
            <method name="getHost" desc="()Ljava/lang/String;" line="41">
                <counter type="INSTRUCTION" missed="3" covered="0" />
                <counter type="LINE" missed="1" covered="0" />
                <counter type="COMPLEXITY" missed="1" covered="0" />
                <counter type="METHOD" missed="1" covered="0" />
            </method>
            <method name="setHost" desc="(Ljava/lang/String;)V" line="45">
                <counter type="INSTRUCTION" missed="4" covered="0" />
                <counter type="LINE" missed="2" covered="0" />
                <counter type="COMPLEXITY" missed="1" covered="0" />
                <counter type="METHOD" missed="1" covered="0" />
            </method>
            <counter type="INSTRUCTION" missed="17" covered="13" />
            <counter type="LINE" missed="7" covered="6" />
            <counter type="COMPLEXITY" missed="5" covered="2" />
            <counter type="METHOD" missed="5" covered="2" />
            <counter type="CLASS" missed="0" covered="1" />
        </class>
        <sourcefile name="User.java" />
        <sourcefile name="Game.java" />
        <sourcefile name="Player.java" />
        <sourcefile name="UserImpl.java">
            <line nr="18" mi="0" ci="2" mb="0" cb="0" />
            <line nr="20" mi="0" ci="3" mb="0" cb="0" />
            <line nr="21" mi="0" ci="3" mb="0" cb="0" />
            <line nr="22" mi="0" ci="1" mb="0" cb="0" />
            <line nr="25" mi="3" ci="0" mb="0" cb="0" />
            <line nr="29" mi="0" ci="3" mb="0" cb="0" />
            <line nr="30" mi="0" ci="1" mb="0" cb="0" />
            <line nr="33" mi="3" ci="0" mb="0" cb="0" />
            <line nr="37" mi="3" ci="0" mb="0" cb="0" />
            <line nr="38" mi="1" ci="0" mb="0" cb="0" />
            <line nr="41" mi="3" ci="0" mb="0" cb="0" />
            <line nr="45" mi="3" ci="0" mb="0" cb="0" />
            <line nr="46" mi="1" ci="0" mb="0" cb="0" />
            <counter type="INSTRUCTION" missed="17" covered="13" />
            <counter type="LINE" missed="7" covered="6" />
            <counter type="COMPLEXITY" missed="5" covered="2" />
            <counter type="METHOD" missed="5" covered="2" />
            <counter type="CLASS" missed="0" covered="1" />
        </sourcefile>
        <sourcefile name="PlayerInventory.java">
            <line nr="9" mi="3" ci="0" mb="0" cb="0" />
            <line nr="16" mi="3" ci="0" mb="0" cb="0" />
            <line nr="17" mi="3" ci="0" mb="0" cb="0" />
            <line nr="19" mi="5" ci="0" mb="0" cb="0" />
            <line nr="20" mi="5" ci="0" mb="0" cb="0" />
            <line nr="21" mi="5" ci="0" mb="0" cb="0" />
            <line nr="25" mi="2" ci="0" mb="0" cb="0" />
            <line nr="26" mi="3" ci="0" mb="0" cb="0" />
            <line nr="27" mi="3" ci="0" mb="0" cb="0" />
            <line nr="28" mi="3" ci="0" mb="0" cb="0" />
            <line nr="29" mi="3" ci="0" mb="0" cb="0" />
            <line nr="30" mi="3" ci="0" mb="0" cb="0" />
            <line nr="31" mi="3" ci="0" mb="0" cb="0" />
            <line nr="32" mi="1" ci="0" mb="0" cb="0" />
            <line nr="37" mi="35" ci="0" mb="0" cb="0" />
            <line nr="43" mi="5" ci="0" mb="0" cb="0" />
            <line nr="44" mi="1" ci="0" mb="0" cb="0" />
            <line nr="46" mi="5" ci="0" mb="0" cb="0" />
            <line nr="47" mi="7" ci="0" mb="0" cb="0" />
            <line nr="48" mi="1" ci="0" mb="0" cb="0" />
            <line nr="51" mi="5" ci="0" mb="0" cb="0" />
            <line nr="52" mi="7" ci="0" mb="0" cb="0" />
            <line nr="53" mi="1" ci="0" mb="0" cb="0" />
            <line nr="57" mi="5" ci="0" mb="0" cb="0" />
            <line nr="58" mi="1" ci="0" mb="0" cb="0" />
            <line nr="61" mi="5" ci="0" mb="0" cb="0" />
            <line nr="62" mi="7" ci="0" mb="0" cb="0" />
            <line nr="63" mi="1" ci="0" mb="0" cb="0" />
            <line nr="66" mi="5" ci="0" mb="0" cb="0" />
            <line nr="67" mi="7" ci="0" mb="0" cb="0" />
            <line nr="68" mi="1" ci="0" mb="0" cb="0" />
            <line nr="72" mi="6" ci="0" mb="0" cb="0" />
            <line nr="73" mi="1" ci="0" mb="0" cb="0" />
            <line nr="76" mi="6" ci="0" mb="0" cb="0" />
            <line nr="77" mi="1" ci="0" mb="0" cb="0" />
            <line nr="80" mi="6" ci="0" mb="0" cb="0" />
            <line nr="81" mi="1" ci="0" mb="0" cb="0" />
            <line nr="84" mi="6" ci="0" mb="0" cb="0" />
            <line nr="85" mi="1" ci="0" mb="0" cb="0" />
            <line nr="88" mi="6" ci="0" mb="0" cb="0" />
            <line nr="89" mi="1" ci="0" mb="0" cb="0" />
            <line nr="92" mi="6" ci="0" mb="0" cb="0" />
            <line nr="93" mi="1" ci="0" mb="0" cb="0" />
            <line nr="98" mi="6" ci="0" mb="0" cb="0" />
            <line nr="99" mi="1" ci="0" mb="0" cb="0" />
            <line nr="102" mi="6" ci="0" mb="0" cb="0" />
            <line nr="103" mi="1" ci="0" mb="0" cb="0" />
            <line nr="106" mi="6" ci="0" mb="0" cb="0" />
            <line nr="107" mi="1" ci="0" mb="0" cb="0" />
            <line nr="110" mi="6" ci="0" mb="0" cb="0" />
            <line nr="111" mi="1" ci="0" mb="0" cb="0" />
            <line nr="114" mi="6" ci="0" mb="0" cb="0" />
            <line nr="115" mi="1" ci="0" mb="0" cb="0" />
            <line nr="118" mi="6" ci="0" mb="0" cb="0" />
            <line nr="119" mi="1" ci="0" mb="0" cb="0" />
            <line nr="123" mi="3" ci="0" mb="0" cb="0" />
            <line nr="127" mi="3" ci="0" mb="0" cb="0" />
            <line nr="128" mi="1" ci="0" mb="0" cb="0" />
            <line nr="131" mi="3" ci="0" mb="0" cb="0" />
            <line nr="135" mi="3" ci="0" mb="0" cb="0" />
            <line nr="136" mi="1" ci="0" mb="0" cb="0" />
            <line nr="139" mi="3" ci="0" mb="0" cb="0" />
            <line nr="143" mi="3" ci="0" mb="0" cb="0" />
            <line nr="144" mi="1" ci="0" mb="0" cb="0" />
            <line nr="147" mi="3" ci="0" mb="0" cb="0" />
            <line nr="151" mi="3" ci="0" mb="0" cb="0" />
            <line nr="152" mi="1" ci="0" mb="0" cb="0" />
            <line nr="155" mi="3" ci="0" mb="0" cb="0" />
            <line nr="159" mi="3" ci="0" mb="0" cb="0" />
            <line nr="160" mi="1" ci="0" mb="0" cb="0" />
            <line nr="163" mi="3" ci="0" mb="0" cb="0" />
            <line nr="167" mi="3" ci="0" mb="0" cb="0" />
            <line nr="168" mi="1" ci="0" mb="0" cb="0" />
            <counter type="INSTRUCTION" missed="270" covered="0" />
            <counter type="LINE" missed="73" covered="0" />
            <counter type="COMPLEXITY" missed="32" covered="0" />
            <counter type="METHOD" missed="32" covered="0" />
            <counter type="CLASS" missed="1" covered="0" />
        </sourcefile>
        <sourcefile name="GameImpl.java">
            <line nr="21" mi="3" ci="0" mb="0" cb="0" />
            <line nr="22" mi="6" ci="0" mb="0" cb="0" />
            <line nr="32" mi="2" ci="0" mb="0" cb="0" />
            <line nr="34" mi="7" ci="0" mb="0" cb="0" />
            <line nr="35" mi="1" ci="0" mb="0" cb="0" />
            <line nr="38" mi="3" ci="0" mb="0" cb="0" />
            <line nr="42" mi="3" ci="0" mb="0" cb="0" />
            <line nr="43" mi="1" ci="0" mb="0" cb="0" />
            <line nr="46" mi="3" ci="0" mb="0" cb="0" />
            <line nr="50" mi="3" ci="0" mb="0" cb="0" />
            <line nr="51" mi="1" ci="0" mb="0" cb="0" />
            <line nr="54" mi="5" ci="0" mb="0" cb="0" />
            <line nr="55" mi="1" ci="0" mb="0" cb="0" />
            <line nr="58" mi="3" ci="0" mb="0" cb="0" />
            <line nr="62" mi="3" ci="0" mb="0" cb="0" />
            <line nr="66" mi="3" ci="0" mb="0" cb="0" />
            <line nr="70" mi="3" ci="0" mb="0" cb="0" />
            <line nr="74" mi="5" ci="0" mb="0" cb="0" />
            <line nr="75" mi="1" ci="0" mb="0" cb="0" />
            <line nr="78" mi="5" ci="0" mb="0" cb="0" />
            <line nr="79" mi="1" ci="0" mb="0" cb="0" />
            <line nr="82" mi="5" ci="0" mb="0" cb="0" />
            <line nr="83" mi="5" ci="0" mb="0" cb="0" />
            <line nr="84" mi="1" ci="0" mb="0" cb="0" />
            <line nr="87" mi="8" ci="0" mb="2" cb="0" />
            <line nr="88" mi="4" ci="0" mb="0" cb="0" />
            <line nr="91" mi="6" ci="0" mb="0" cb="0" />
            <line nr="93" mi="1" ci="0" mb="0" cb="0" />
            <counter type="INSTRUCTION" missed="93" covered="0" />
            <counter type="BRANCH" missed="2" covered="0" />
            <counter type="LINE" missed="28" covered="0" />
            <counter type="COMPLEXITY" missed="16" covered="0" />
            <counter type="METHOD" missed="15" covered="0" />
            <counter type="CLASS" missed="1" covered="0" />
        </sourcefile>
        <sourcefile name="PlayerImpl.java">
            <line nr="21" mi="4" ci="0" mb="0" cb="0" />
            <line nr="22" mi="3" ci="0" mb="0" cb="0" />
            <line nr="23" mi="5" ci="0" mb="0" cb="0" />
            <line nr="24" mi="1" ci="0" mb="0" cb="0" />
            <line nr="27" mi="3" ci="0" mb="0" cb="0" />
            <line nr="31" mi="3" ci="0" mb="0" cb="0" />
            <line nr="32" mi="1" ci="0" mb="0" cb="0" />
            <line nr="35" mi="3" ci="0" mb="0" cb="0" />
            <line nr="39" mi="3" ci="0" mb="0" cb="0" />
            <line nr="40" mi="1" ci="0" mb="0" cb="0" />
            <line nr="43" mi="3" ci="0" mb="0" cb="0" />
            <line nr="47" mi="3" ci="0" mb="0" cb="0" />
            <line nr="48" mi="1" ci="0" mb="0" cb="0" />
            <line nr="51" mi="3" ci="0" mb="0" cb="0" />
            <line nr="55" mi="3" ci="0" mb="0" cb="0" />
            <line nr="56" mi="1" ci="0" mb="0" cb="0" />
            <counter type="INSTRUCTION" missed="41" covered="0" />
            <counter type="LINE" missed="16" covered="0" />
            <counter type="COMPLEXITY" missed="9" covered="0" />
            <counter type="METHOD" missed="9" covered="0" />
            <counter type="CLASS" missed="1" covered="0" />
        </sourcefile>
        <sourcefile name="Colors.java">
            <line nr="8" mi="20" ci="0" mb="0" cb="0" />
            <line nr="9" mi="6" ci="0" mb="0" cb="0" />
            <line nr="10" mi="6" ci="0" mb="0" cb="0" />
            <line nr="11" mi="6" ci="0" mb="0" cb="0" />
            <line nr="12" mi="6" ci="0" mb="0" cb="0" />
            <counter type="INSTRUCTION" missed="44" covered="0" />
            <counter type="LINE" missed="5" covered="0" />
            <counter type="COMPLEXITY" missed="1" covered="0" />
            <counter type="METHOD" missed="1" covered="0" />
            <counter type="CLASS" missed="1" covered="0" />
        </sourcefile>
        <counter type="INSTRUCTION" missed="465" covered="13" />
        <counter type="BRANCH" missed="2" covered="0" />
        <counter type="LINE" missed="129" covered="6" />
        <counter type="COMPLEXITY" missed="63" covered="2" />
        <counter type="METHOD" missed="62" covered="2" />
        <counter type="CLASS" missed="4" covered="1" />
    </package>
    <counter type="INSTRUCTION" missed="3360" covered="72" />
    <counter type="BRANCH" missed="297" covered="1" />
    <counter type="LINE" missed="743" covered="21" />
    <counter type="COMPLEXITY" missed="308" covered="5" />
    <counter type="METHOD" missed="148" covered="5" />
    <counter type="CLASS" missed="16" covered="2" />
</report>